Name: isort
Module: isort
Python extension loading
Waiting for interpreter from python extension.
Python extension loaded
CWD Server: /home/ostap
sys.path used to run Server:
   /home/ostap/.vscode/extensions/ms-python.isort-2022.8.0/bundled/libs
   /home/ostap/.vscode/extensions/ms-python.isort-2022.8.0/bundled/tool
   /usr/lib/python310.zip
   /usr/lib/python3.10
   /usr/lib/python3.10/lib-dynload
   /home/ostap/.local/lib/python3.10/site-packages
   /usr/local/lib/python3.10/dist-packages
   /usr/lib/python3/dist-packages
Settings used to run Server:
[]

/bin/python3 -m isort --version-number
CWD Linter: /home/ostap
Version info for isort running for /home/ostap:
5.10.1

SUPPORTED isort>=5.10.1
FOUND isort==5.10.1

