2023-01-09 14:31:12,853 DEBUG    root            Loaded Command Group: ['gcloud', 'components']
2023-01-09 14:31:12,867 DEBUG    root            Loaded Command Group: ['gcloud', 'components', 'list']
2023-01-09 14:31:12,873 DEBUG    root            Running [gcloud.components.list] with arguments: [--quiet: "True"]
2023-01-09 14:31:13,061 DEBUG    urllib3.connectionpool Starting new HTTPS connection (1): dl.google.com:443
2023-01-09 14:31:14,652 DEBUG    urllib3.connectionpool https://dl.google.com:443 "GET /dl/cloudsdk/channels/rapid/components-2.json HTTP/1.1" 200 203441
2023-01-09 14:31:14,851 INFO     ___FILE_ONLY___ 
Your current Google Cloud CLI version is: 412.0.0

2023-01-09 14:31:14,851 INFO     ___FILE_ONLY___ The latest available version is: 412.0.0

2023-01-09 14:31:14,851 INFO     ___FILE_ONLY___ 

2023-01-09 14:31:14,853 INFO     root            Display format: "table[box,title="Components"](state.name:label=Status,name:label=Name,id:label=ID,size.size(zero="",min=1048576):label=Size:align=right)"
2023-01-09 14:31:14,871 INFO     ___FILE_ONLY___ ┌────────────────────────────────────────────────────────────────────────────────────────────────────────────┐
2023-01-09 14:31:14,871 INFO     ___FILE_ONLY___ 

2023-01-09 14:31:14,871 INFO     ___FILE_ONLY___ │                                                 Components                                                 │
2023-01-09 14:31:14,872 INFO     ___FILE_ONLY___ 

2023-01-09 14:31:14,872 INFO     ___FILE_ONLY___ ├───────────────┬──────────────────────────────────────────────────────┬──────────────────────────┬──────────┤
2023-01-09 14:31:14,872 INFO     ___FILE_ONLY___ 

2023-01-09 14:31:14,872 INFO     ___FILE_ONLY___ │     Status    │                         Name                         │            ID            │   Size   │
2023-01-09 14:31:14,872 INFO     ___FILE_ONLY___ 

2023-01-09 14:31:14,872 INFO     ___FILE_ONLY___ ├───────────────┼──────────────────────────────────────────────────────┼──────────────────────────┼──────────┤
2023-01-09 14:31:14,872 INFO     ___FILE_ONLY___ 

2023-01-09 14:31:14,872 INFO     ___FILE_ONLY___ │ 
2023-01-09 14:31:14,873 INFO     ___FILE_ONLY___ Not Installed
2023-01-09 14:31:14,873 INFO     ___FILE_ONLY___  
2023-01-09 14:31:14,873 INFO     ___FILE_ONLY___ │ 
2023-01-09 14:31:14,873 INFO     ___FILE_ONLY___ App Engine Go Extensions                            
2023-01-09 14:31:14,873 INFO     ___FILE_ONLY___  
2023-01-09 14:31:14,873 INFO     ___FILE_ONLY___ │ 
2023-01-09 14:31:14,873 INFO     ___FILE_ONLY___ app-engine-go           
2023-01-09 14:31:14,873 INFO     ___FILE_ONLY___  
2023-01-09 14:31:14,873 INFO     ___FILE_ONLY___ │ 
2023-01-09 14:31:14,873 INFO     ___FILE_ONLY___  4.2 MiB
2023-01-09 14:31:14,873 INFO     ___FILE_ONLY___  
2023-01-09 14:31:14,873 INFO     ___FILE_ONLY___ │
2023-01-09 14:31:14,873 INFO     ___FILE_ONLY___ 

2023-01-09 14:31:14,874 INFO     ___FILE_ONLY___ │ 
2023-01-09 14:31:14,874 INFO     ___FILE_ONLY___ Not Installed
2023-01-09 14:31:14,874 INFO     ___FILE_ONLY___  
2023-01-09 14:31:14,874 INFO     ___FILE_ONLY___ │ 
2023-01-09 14:31:14,874 INFO     ___FILE_ONLY___ Appctl                                              
2023-01-09 14:31:14,874 INFO     ___FILE_ONLY___  
2023-01-09 14:31:14,874 INFO     ___FILE_ONLY___ │ 
2023-01-09 14:31:14,874 INFO     ___FILE_ONLY___ appctl                  
2023-01-09 14:31:14,874 INFO     ___FILE_ONLY___  
2023-01-09 14:31:14,874 INFO     ___FILE_ONLY___ │ 
2023-01-09 14:31:14,874 INFO     ___FILE_ONLY___ 21.0 MiB
2023-01-09 14:31:14,874 INFO     ___FILE_ONLY___  
2023-01-09 14:31:14,875 INFO     ___FILE_ONLY___ │
2023-01-09 14:31:14,875 INFO     ___FILE_ONLY___ 

2023-01-09 14:31:14,875 INFO     ___FILE_ONLY___ │ 
2023-01-09 14:31:14,875 INFO     ___FILE_ONLY___ Not Installed
2023-01-09 14:31:14,875 INFO     ___FILE_ONLY___  
2023-01-09 14:31:14,875 INFO     ___FILE_ONLY___ │ 
2023-01-09 14:31:14,875 INFO     ___FILE_ONLY___ Artifact Registry Go Module Package Helper          
2023-01-09 14:31:14,876 INFO     ___FILE_ONLY___  
2023-01-09 14:31:14,876 INFO     ___FILE_ONLY___ │ 
2023-01-09 14:31:14,876 INFO     ___FILE_ONLY___ package-go-module       
2023-01-09 14:31:14,876 INFO     ___FILE_ONLY___  
2023-01-09 14:31:14,876 INFO     ___FILE_ONLY___ │ 
2023-01-09 14:31:14,876 INFO     ___FILE_ONLY___  < 1 MiB
2023-01-09 14:31:14,876 INFO     ___FILE_ONLY___  
2023-01-09 14:31:14,876 INFO     ___FILE_ONLY___ │
2023-01-09 14:31:14,876 INFO     ___FILE_ONLY___ 

2023-01-09 14:31:14,876 INFO     ___FILE_ONLY___ │ 
2023-01-09 14:31:14,877 INFO     ___FILE_ONLY___ Not Installed
2023-01-09 14:31:14,877 INFO     ___FILE_ONLY___  
2023-01-09 14:31:14,877 INFO     ___FILE_ONLY___ │ 
2023-01-09 14:31:14,877 INFO     ___FILE_ONLY___ Cloud Bigtable Command Line Tool                    
2023-01-09 14:31:14,877 INFO     ___FILE_ONLY___  
2023-01-09 14:31:14,877 INFO     ___FILE_ONLY___ │ 
2023-01-09 14:31:14,877 INFO     ___FILE_ONLY___ cbt                     
2023-01-09 14:31:14,877 INFO     ___FILE_ONLY___  
2023-01-09 14:31:14,877 INFO     ___FILE_ONLY___ │ 
2023-01-09 14:31:14,877 INFO     ___FILE_ONLY___ 10.4 MiB
2023-01-09 14:31:14,878 INFO     ___FILE_ONLY___  
2023-01-09 14:31:14,878 INFO     ___FILE_ONLY___ │
2023-01-09 14:31:14,878 INFO     ___FILE_ONLY___ 

2023-01-09 14:31:14,878 INFO     ___FILE_ONLY___ │ 
2023-01-09 14:31:14,878 INFO     ___FILE_ONLY___ Not Installed
2023-01-09 14:31:14,878 INFO     ___FILE_ONLY___  
2023-01-09 14:31:14,878 INFO     ___FILE_ONLY___ │ 
2023-01-09 14:31:14,878 INFO     ___FILE_ONLY___ Cloud Bigtable Emulator                             
2023-01-09 14:31:14,878 INFO     ___FILE_ONLY___  
2023-01-09 14:31:14,878 INFO     ___FILE_ONLY___ │ 
2023-01-09 14:31:14,879 INFO     ___FILE_ONLY___ bigtable                
2023-01-09 14:31:14,879 INFO     ___FILE_ONLY___  
2023-01-09 14:31:14,879 INFO     ___FILE_ONLY___ │ 
2023-01-09 14:31:14,879 INFO     ___FILE_ONLY___  6.7 MiB
2023-01-09 14:31:14,879 INFO     ___FILE_ONLY___  
2023-01-09 14:31:14,879 INFO     ___FILE_ONLY___ │
2023-01-09 14:31:14,879 INFO     ___FILE_ONLY___ 

2023-01-09 14:31:14,879 INFO     ___FILE_ONLY___ │ 
2023-01-09 14:31:14,879 INFO     ___FILE_ONLY___ Not Installed
2023-01-09 14:31:14,879 INFO     ___FILE_ONLY___  
2023-01-09 14:31:14,879 INFO     ___FILE_ONLY___ │ 
2023-01-09 14:31:14,880 INFO     ___FILE_ONLY___ Cloud Datalab Command Line Tool                     
2023-01-09 14:31:14,880 INFO     ___FILE_ONLY___  
2023-01-09 14:31:14,880 INFO     ___FILE_ONLY___ │ 
2023-01-09 14:31:14,880 INFO     ___FILE_ONLY___ datalab                 
2023-01-09 14:31:14,880 INFO     ___FILE_ONLY___  
2023-01-09 14:31:14,880 INFO     ___FILE_ONLY___ │ 
2023-01-09 14:31:14,880 INFO     ___FILE_ONLY___  < 1 MiB
2023-01-09 14:31:14,880 INFO     ___FILE_ONLY___  
2023-01-09 14:31:14,880 INFO     ___FILE_ONLY___ │
2023-01-09 14:31:14,880 INFO     ___FILE_ONLY___ 

2023-01-09 14:31:14,881 INFO     ___FILE_ONLY___ │ 
2023-01-09 14:31:14,881 INFO     ___FILE_ONLY___ Not Installed
2023-01-09 14:31:14,881 INFO     ___FILE_ONLY___  
2023-01-09 14:31:14,881 INFO     ___FILE_ONLY___ │ 
2023-01-09 14:31:14,881 INFO     ___FILE_ONLY___ Cloud Datastore Emulator                            
2023-01-09 14:31:14,881 INFO     ___FILE_ONLY___  
2023-01-09 14:31:14,881 INFO     ___FILE_ONLY___ │ 
2023-01-09 14:31:14,882 INFO     ___FILE_ONLY___ cloud-datastore-emulator
2023-01-09 14:31:14,882 INFO     ___FILE_ONLY___  
2023-01-09 14:31:14,882 INFO     ___FILE_ONLY___ │ 
2023-01-09 14:31:14,882 INFO     ___FILE_ONLY___ 35.1 MiB
2023-01-09 14:31:14,882 INFO     ___FILE_ONLY___  
2023-01-09 14:31:14,882 INFO     ___FILE_ONLY___ │
2023-01-09 14:31:14,882 INFO     ___FILE_ONLY___ 

2023-01-09 14:31:14,882 INFO     ___FILE_ONLY___ │ 
2023-01-09 14:31:14,882 INFO     ___FILE_ONLY___ Not Installed
2023-01-09 14:31:14,882 INFO     ___FILE_ONLY___  
2023-01-09 14:31:14,882 INFO     ___FILE_ONLY___ │ 
2023-01-09 14:31:14,882 INFO     ___FILE_ONLY___ Cloud Firestore Emulator                            
2023-01-09 14:31:14,883 INFO     ___FILE_ONLY___  
2023-01-09 14:31:14,883 INFO     ___FILE_ONLY___ │ 
2023-01-09 14:31:14,883 INFO     ___FILE_ONLY___ cloud-firestore-emulator
2023-01-09 14:31:14,883 INFO     ___FILE_ONLY___  
2023-01-09 14:31:14,883 INFO     ___FILE_ONLY___ │ 
2023-01-09 14:31:14,883 INFO     ___FILE_ONLY___ 40.2 MiB
2023-01-09 14:31:14,883 INFO     ___FILE_ONLY___  
2023-01-09 14:31:14,884 INFO     ___FILE_ONLY___ │
2023-01-09 14:31:14,884 INFO     ___FILE_ONLY___ 

2023-01-09 14:31:14,884 INFO     ___FILE_ONLY___ │ 
2023-01-09 14:31:14,884 INFO     ___FILE_ONLY___ Not Installed
2023-01-09 14:31:14,884 INFO     ___FILE_ONLY___  
2023-01-09 14:31:14,884 INFO     ___FILE_ONLY___ │ 
2023-01-09 14:31:14,884 INFO     ___FILE_ONLY___ Cloud Pub/Sub Emulator                              
2023-01-09 14:31:14,884 INFO     ___FILE_ONLY___  
2023-01-09 14:31:14,884 INFO     ___FILE_ONLY___ │ 
2023-01-09 14:31:14,884 INFO     ___FILE_ONLY___ pubsub-emulator         
2023-01-09 14:31:14,884 INFO     ___FILE_ONLY___  
2023-01-09 14:31:14,884 INFO     ___FILE_ONLY___ │ 
2023-01-09 14:31:14,885 INFO     ___FILE_ONLY___ 62.4 MiB
2023-01-09 14:31:14,885 INFO     ___FILE_ONLY___  
2023-01-09 14:31:14,885 INFO     ___FILE_ONLY___ │
2023-01-09 14:31:14,885 INFO     ___FILE_ONLY___ 

2023-01-09 14:31:14,885 INFO     ___FILE_ONLY___ │ 
2023-01-09 14:31:14,885 INFO     ___FILE_ONLY___ Not Installed
2023-01-09 14:31:14,885 INFO     ___FILE_ONLY___  
2023-01-09 14:31:14,886 INFO     ___FILE_ONLY___ │ 
2023-01-09 14:31:14,886 INFO     ___FILE_ONLY___ Cloud Run Proxy                                     
2023-01-09 14:31:14,886 INFO     ___FILE_ONLY___  
2023-01-09 14:31:14,886 INFO     ___FILE_ONLY___ │ 
2023-01-09 14:31:14,886 INFO     ___FILE_ONLY___ cloud-run-proxy         
2023-01-09 14:31:14,886 INFO     ___FILE_ONLY___  
2023-01-09 14:31:14,886 INFO     ___FILE_ONLY___ │ 
2023-01-09 14:31:14,886 INFO     ___FILE_ONLY___  9.0 MiB
2023-01-09 14:31:14,886 INFO     ___FILE_ONLY___  
2023-01-09 14:31:14,887 INFO     ___FILE_ONLY___ │
2023-01-09 14:31:14,887 INFO     ___FILE_ONLY___ 

2023-01-09 14:31:14,887 INFO     ___FILE_ONLY___ │ 
2023-01-09 14:31:14,887 INFO     ___FILE_ONLY___ Not Installed
2023-01-09 14:31:14,887 INFO     ___FILE_ONLY___  
2023-01-09 14:31:14,887 INFO     ___FILE_ONLY___ │ 
2023-01-09 14:31:14,887 INFO     ___FILE_ONLY___ Cloud SQL Proxy                                     
2023-01-09 14:31:14,887 INFO     ___FILE_ONLY___  
2023-01-09 14:31:14,887 INFO     ___FILE_ONLY___ │ 
2023-01-09 14:31:14,887 INFO     ___FILE_ONLY___ cloud_sql_proxy         
2023-01-09 14:31:14,887 INFO     ___FILE_ONLY___  
2023-01-09 14:31:14,887 INFO     ___FILE_ONLY___ │ 
2023-01-09 14:31:14,887 INFO     ___FILE_ONLY___  7.8 MiB
2023-01-09 14:31:14,888 INFO     ___FILE_ONLY___  
2023-01-09 14:31:14,888 INFO     ___FILE_ONLY___ │
2023-01-09 14:31:14,888 INFO     ___FILE_ONLY___ 

2023-01-09 14:31:14,888 INFO     ___FILE_ONLY___ │ 
2023-01-09 14:31:14,888 INFO     ___FILE_ONLY___ Not Installed
2023-01-09 14:31:14,888 INFO     ___FILE_ONLY___  
2023-01-09 14:31:14,888 INFO     ___FILE_ONLY___ │ 
2023-01-09 14:31:14,888 INFO     ___FILE_ONLY___ Cloud Spanner Emulator                              
2023-01-09 14:31:14,888 INFO     ___FILE_ONLY___  
2023-01-09 14:31:14,888 INFO     ___FILE_ONLY___ │ 
2023-01-09 14:31:14,888 INFO     ___FILE_ONLY___ cloud-spanner-emulator  
2023-01-09 14:31:14,888 INFO     ___FILE_ONLY___  
2023-01-09 14:31:14,888 INFO     ___FILE_ONLY___ │ 
2023-01-09 14:31:14,889 INFO     ___FILE_ONLY___ 28.7 MiB
2023-01-09 14:31:14,889 INFO     ___FILE_ONLY___  
2023-01-09 14:31:14,889 INFO     ___FILE_ONLY___ │
2023-01-09 14:31:14,889 INFO     ___FILE_ONLY___ 

2023-01-09 14:31:14,889 INFO     ___FILE_ONLY___ │ 
2023-01-09 14:31:14,889 INFO     ___FILE_ONLY___ Not Installed
2023-01-09 14:31:14,889 INFO     ___FILE_ONLY___  
2023-01-09 14:31:14,889 INFO     ___FILE_ONLY___ │ 
2023-01-09 14:31:14,890 INFO     ___FILE_ONLY___ Cloud Spanner Migration Tool                        
2023-01-09 14:31:14,890 INFO     ___FILE_ONLY___  
2023-01-09 14:31:14,890 INFO     ___FILE_ONLY___ │ 
2023-01-09 14:31:14,890 INFO     ___FILE_ONLY___ harbourbridge           
2023-01-09 14:31:14,890 INFO     ___FILE_ONLY___  
2023-01-09 14:31:14,890 INFO     ___FILE_ONLY___ │ 
2023-01-09 14:31:14,890 INFO     ___FILE_ONLY___ 18.1 MiB
2023-01-09 14:31:14,890 INFO     ___FILE_ONLY___  
2023-01-09 14:31:14,890 INFO     ___FILE_ONLY___ │
2023-01-09 14:31:14,890 INFO     ___FILE_ONLY___ 

2023-01-09 14:31:14,891 INFO     ___FILE_ONLY___ │ 
2023-01-09 14:31:14,891 INFO     ___FILE_ONLY___ Not Installed
2023-01-09 14:31:14,891 INFO     ___FILE_ONLY___  
2023-01-09 14:31:14,891 INFO     ___FILE_ONLY___ │ 
2023-01-09 14:31:14,891 INFO     ___FILE_ONLY___ Google Container Registry's Docker credential helper
2023-01-09 14:31:14,891 INFO     ___FILE_ONLY___  
2023-01-09 14:31:14,891 INFO     ___FILE_ONLY___ │ 
2023-01-09 14:31:14,891 INFO     ___FILE_ONLY___ docker-credential-gcr   
2023-01-09 14:31:14,891 INFO     ___FILE_ONLY___  
2023-01-09 14:31:14,891 INFO     ___FILE_ONLY___ │ 
2023-01-09 14:31:14,891 INFO     ___FILE_ONLY___  1.8 MiB
2023-01-09 14:31:14,891 INFO     ___FILE_ONLY___  
2023-01-09 14:31:14,892 INFO     ___FILE_ONLY___ │
2023-01-09 14:31:14,892 INFO     ___FILE_ONLY___ 

2023-01-09 14:31:14,892 INFO     ___FILE_ONLY___ │ 
2023-01-09 14:31:14,892 INFO     ___FILE_ONLY___ Not Installed
2023-01-09 14:31:14,892 INFO     ___FILE_ONLY___  
2023-01-09 14:31:14,892 INFO     ___FILE_ONLY___ │ 
2023-01-09 14:31:14,892 INFO     ___FILE_ONLY___ Kustomize                                           
2023-01-09 14:31:14,892 INFO     ___FILE_ONLY___  
2023-01-09 14:31:14,892 INFO     ___FILE_ONLY___ │ 
2023-01-09 14:31:14,892 INFO     ___FILE_ONLY___ kustomize               
2023-01-09 14:31:14,892 INFO     ___FILE_ONLY___  
2023-01-09 14:31:14,892 INFO     ___FILE_ONLY___ │ 
2023-01-09 14:31:14,892 INFO     ___FILE_ONLY___  4.3 MiB
2023-01-09 14:31:14,893 INFO     ___FILE_ONLY___  
2023-01-09 14:31:14,893 INFO     ___FILE_ONLY___ │
2023-01-09 14:31:14,893 INFO     ___FILE_ONLY___ 

2023-01-09 14:31:14,893 INFO     ___FILE_ONLY___ │ 
2023-01-09 14:31:14,893 INFO     ___FILE_ONLY___ Not Installed
2023-01-09 14:31:14,893 INFO     ___FILE_ONLY___  
2023-01-09 14:31:14,893 INFO     ___FILE_ONLY___ │ 
2023-01-09 14:31:14,893 INFO     ___FILE_ONLY___ Log Streaming                                       
2023-01-09 14:31:14,893 INFO     ___FILE_ONLY___  
2023-01-09 14:31:14,894 INFO     ___FILE_ONLY___ │ 
2023-01-09 14:31:14,894 INFO     ___FILE_ONLY___ log-streaming           
2023-01-09 14:31:14,894 INFO     ___FILE_ONLY___  
2023-01-09 14:31:14,894 INFO     ___FILE_ONLY___ │ 
2023-01-09 14:31:14,894 INFO     ___FILE_ONLY___ 13.9 MiB
2023-01-09 14:31:14,894 INFO     ___FILE_ONLY___  
2023-01-09 14:31:14,894 INFO     ___FILE_ONLY___ │
2023-01-09 14:31:14,894 INFO     ___FILE_ONLY___ 

2023-01-09 14:31:14,894 INFO     ___FILE_ONLY___ │ 
2023-01-09 14:31:14,894 INFO     ___FILE_ONLY___ Not Installed
2023-01-09 14:31:14,894 INFO     ___FILE_ONLY___  
2023-01-09 14:31:14,894 INFO     ___FILE_ONLY___ │ 
2023-01-09 14:31:14,894 INFO     ___FILE_ONLY___ Minikube                                            
2023-01-09 14:31:14,895 INFO     ___FILE_ONLY___  
2023-01-09 14:31:14,895 INFO     ___FILE_ONLY___ │ 
2023-01-09 14:31:14,895 INFO     ___FILE_ONLY___ minikube                
2023-01-09 14:31:14,895 INFO     ___FILE_ONLY___  
2023-01-09 14:31:14,895 INFO     ___FILE_ONLY___ │ 
2023-01-09 14:31:14,895 INFO     ___FILE_ONLY___ 31.5 MiB
2023-01-09 14:31:14,895 INFO     ___FILE_ONLY___  
2023-01-09 14:31:14,895 INFO     ___FILE_ONLY___ │
2023-01-09 14:31:14,895 INFO     ___FILE_ONLY___ 

2023-01-09 14:31:14,895 INFO     ___FILE_ONLY___ │ 
2023-01-09 14:31:14,895 INFO     ___FILE_ONLY___ Not Installed
2023-01-09 14:31:14,895 INFO     ___FILE_ONLY___  
2023-01-09 14:31:14,895 INFO     ___FILE_ONLY___ │ 
2023-01-09 14:31:14,896 INFO     ___FILE_ONLY___ Nomos CLI                                           
2023-01-09 14:31:14,896 INFO     ___FILE_ONLY___  
2023-01-09 14:31:14,896 INFO     ___FILE_ONLY___ │ 
2023-01-09 14:31:14,896 INFO     ___FILE_ONLY___ nomos                   
2023-01-09 14:31:14,896 INFO     ___FILE_ONLY___  
2023-01-09 14:31:14,896 INFO     ___FILE_ONLY___ │ 
2023-01-09 14:31:14,896 INFO     ___FILE_ONLY___ 25.2 MiB
2023-01-09 14:31:14,896 INFO     ___FILE_ONLY___  
2023-01-09 14:31:14,896 INFO     ___FILE_ONLY___ │
2023-01-09 14:31:14,896 INFO     ___FILE_ONLY___ 

2023-01-09 14:31:14,896 INFO     ___FILE_ONLY___ │ 
2023-01-09 14:31:14,896 INFO     ___FILE_ONLY___ Not Installed
2023-01-09 14:31:14,897 INFO     ___FILE_ONLY___  
2023-01-09 14:31:14,897 INFO     ___FILE_ONLY___ │ 
2023-01-09 14:31:14,897 INFO     ___FILE_ONLY___ On-Demand Scanning API extraction helper            
2023-01-09 14:31:14,897 INFO     ___FILE_ONLY___  
2023-01-09 14:31:14,897 INFO     ___FILE_ONLY___ │ 
2023-01-09 14:31:14,897 INFO     ___FILE_ONLY___ local-extract           
2023-01-09 14:31:14,897 INFO     ___FILE_ONLY___  
2023-01-09 14:31:14,897 INFO     ___FILE_ONLY___ │ 
2023-01-09 14:31:14,897 INFO     ___FILE_ONLY___ 13.4 MiB
2023-01-09 14:31:14,897 INFO     ___FILE_ONLY___  
2023-01-09 14:31:14,897 INFO     ___FILE_ONLY___ │
2023-01-09 14:31:14,897 INFO     ___FILE_ONLY___ 

2023-01-09 14:31:14,898 INFO     ___FILE_ONLY___ │ 
2023-01-09 14:31:14,898 INFO     ___FILE_ONLY___ Not Installed
2023-01-09 14:31:14,898 INFO     ___FILE_ONLY___  
2023-01-09 14:31:14,898 INFO     ___FILE_ONLY___ │ 
2023-01-09 14:31:14,898 INFO     ___FILE_ONLY___ Skaffold                                            
2023-01-09 14:31:14,898 INFO     ___FILE_ONLY___  
2023-01-09 14:31:14,898 INFO     ___FILE_ONLY___ │ 
2023-01-09 14:31:14,898 INFO     ___FILE_ONLY___ skaffold                
2023-01-09 14:31:14,898 INFO     ___FILE_ONLY___  
2023-01-09 14:31:14,898 INFO     ___FILE_ONLY___ │ 
2023-01-09 14:31:14,898 INFO     ___FILE_ONLY___ 20.1 MiB
2023-01-09 14:31:14,899 INFO     ___FILE_ONLY___  
2023-01-09 14:31:14,899 INFO     ___FILE_ONLY___ │
2023-01-09 14:31:14,899 INFO     ___FILE_ONLY___ 

2023-01-09 14:31:14,899 INFO     ___FILE_ONLY___ │ 
2023-01-09 14:31:14,899 INFO     ___FILE_ONLY___ Not Installed
2023-01-09 14:31:14,899 INFO     ___FILE_ONLY___  
2023-01-09 14:31:14,899 INFO     ___FILE_ONLY___ │ 
2023-01-09 14:31:14,899 INFO     ___FILE_ONLY___ Terraform Tools                                     
2023-01-09 14:31:14,899 INFO     ___FILE_ONLY___  
2023-01-09 14:31:14,899 INFO     ___FILE_ONLY___ │ 
2023-01-09 14:31:14,899 INFO     ___FILE_ONLY___ terraform-tools         
2023-01-09 14:31:14,900 INFO     ___FILE_ONLY___  
2023-01-09 14:31:14,900 INFO     ___FILE_ONLY___ │ 
2023-01-09 14:31:14,900 INFO     ___FILE_ONLY___ 53.3 MiB
2023-01-09 14:31:14,900 INFO     ___FILE_ONLY___  
2023-01-09 14:31:14,900 INFO     ___FILE_ONLY___ │
2023-01-09 14:31:14,900 INFO     ___FILE_ONLY___ 

2023-01-09 14:31:14,900 INFO     ___FILE_ONLY___ │ 
2023-01-09 14:31:14,900 INFO     ___FILE_ONLY___ Not Installed
2023-01-09 14:31:14,900 INFO     ___FILE_ONLY___  
2023-01-09 14:31:14,900 INFO     ___FILE_ONLY___ │ 
2023-01-09 14:31:14,900 INFO     ___FILE_ONLY___ anthos-auth                                         
2023-01-09 14:31:14,900 INFO     ___FILE_ONLY___  
2023-01-09 14:31:14,901 INFO     ___FILE_ONLY___ │ 
2023-01-09 14:31:14,901 INFO     ___FILE_ONLY___ anthos-auth             
2023-01-09 14:31:14,901 INFO     ___FILE_ONLY___  
2023-01-09 14:31:14,901 INFO     ___FILE_ONLY___ │ 
2023-01-09 14:31:14,901 INFO     ___FILE_ONLY___ 20.4 MiB
2023-01-09 14:31:14,901 INFO     ___FILE_ONLY___  
2023-01-09 14:31:14,901 INFO     ___FILE_ONLY___ │
2023-01-09 14:31:14,902 INFO     ___FILE_ONLY___ 

2023-01-09 14:31:14,902 INFO     ___FILE_ONLY___ │ 
2023-01-09 14:31:14,902 INFO     ___FILE_ONLY___ Not Installed
2023-01-09 14:31:14,902 INFO     ___FILE_ONLY___  
2023-01-09 14:31:14,902 INFO     ___FILE_ONLY___ │ 
2023-01-09 14:31:14,902 INFO     ___FILE_ONLY___ config-connector                                    
2023-01-09 14:31:14,902 INFO     ___FILE_ONLY___  
2023-01-09 14:31:14,902 INFO     ___FILE_ONLY___ │ 
2023-01-09 14:31:14,902 INFO     ___FILE_ONLY___ config-connector        
2023-01-09 14:31:14,902 INFO     ___FILE_ONLY___  
2023-01-09 14:31:14,902 INFO     ___FILE_ONLY___ │ 
2023-01-09 14:31:14,903 INFO     ___FILE_ONLY___ 56.7 MiB
2023-01-09 14:31:14,903 INFO     ___FILE_ONLY___  
2023-01-09 14:31:14,903 INFO     ___FILE_ONLY___ │
2023-01-09 14:31:14,903 INFO     ___FILE_ONLY___ 

2023-01-09 14:31:14,903 INFO     ___FILE_ONLY___ │ 
2023-01-09 14:31:14,903 INFO     ___FILE_ONLY___ Not Installed
2023-01-09 14:31:14,903 INFO     ___FILE_ONLY___  
2023-01-09 14:31:14,903 INFO     ___FILE_ONLY___ │ 
2023-01-09 14:31:14,903 INFO     ___FILE_ONLY___ gcloud Alpha Commands                               
2023-01-09 14:31:14,903 INFO     ___FILE_ONLY___  
2023-01-09 14:31:14,903 INFO     ___FILE_ONLY___ │ 
2023-01-09 14:31:14,903 INFO     ___FILE_ONLY___ alpha                   
2023-01-09 14:31:14,903 INFO     ___FILE_ONLY___  
2023-01-09 14:31:14,904 INFO     ___FILE_ONLY___ │ 
2023-01-09 14:31:14,904 INFO     ___FILE_ONLY___  < 1 MiB
2023-01-09 14:31:14,904 INFO     ___FILE_ONLY___  
2023-01-09 14:31:14,904 INFO     ___FILE_ONLY___ │
2023-01-09 14:31:14,904 INFO     ___FILE_ONLY___ 

2023-01-09 14:31:14,904 INFO     ___FILE_ONLY___ │ 
2023-01-09 14:31:14,904 INFO     ___FILE_ONLY___ Not Installed
2023-01-09 14:31:14,904 INFO     ___FILE_ONLY___  
2023-01-09 14:31:14,904 INFO     ___FILE_ONLY___ │ 
2023-01-09 14:31:14,904 INFO     ___FILE_ONLY___ gcloud Beta Commands                                
2023-01-09 14:31:14,904 INFO     ___FILE_ONLY___  
2023-01-09 14:31:14,905 INFO     ___FILE_ONLY___ │ 
2023-01-09 14:31:14,905 INFO     ___FILE_ONLY___ beta                    
2023-01-09 14:31:14,905 INFO     ___FILE_ONLY___  
2023-01-09 14:31:14,905 INFO     ___FILE_ONLY___ │ 
2023-01-09 14:31:14,905 INFO     ___FILE_ONLY___  < 1 MiB
2023-01-09 14:31:14,905 INFO     ___FILE_ONLY___  
2023-01-09 14:31:14,905 INFO     ___FILE_ONLY___ │
2023-01-09 14:31:14,905 INFO     ___FILE_ONLY___ 

2023-01-09 14:31:14,905 INFO     ___FILE_ONLY___ │ 
2023-01-09 14:31:14,906 INFO     ___FILE_ONLY___ Not Installed
2023-01-09 14:31:14,906 INFO     ___FILE_ONLY___  
2023-01-09 14:31:14,906 INFO     ___FILE_ONLY___ │ 
2023-01-09 14:31:14,906 INFO     ___FILE_ONLY___ gcloud app Java Extensions                          
2023-01-09 14:31:14,906 INFO     ___FILE_ONLY___  
2023-01-09 14:31:14,906 INFO     ___FILE_ONLY___ │ 
2023-01-09 14:31:14,906 INFO     ___FILE_ONLY___ app-engine-java         
2023-01-09 14:31:14,907 INFO     ___FILE_ONLY___  
2023-01-09 14:31:14,907 INFO     ___FILE_ONLY___ │ 
2023-01-09 14:31:14,907 INFO     ___FILE_ONLY___ 63.9 MiB
2023-01-09 14:31:14,907 INFO     ___FILE_ONLY___  
2023-01-09 14:31:14,907 INFO     ___FILE_ONLY___ │
2023-01-09 14:31:14,907 INFO     ___FILE_ONLY___ 

2023-01-09 14:31:14,907 INFO     ___FILE_ONLY___ │ 
2023-01-09 14:31:14,907 INFO     ___FILE_ONLY___ Not Installed
2023-01-09 14:31:14,907 INFO     ___FILE_ONLY___  
2023-01-09 14:31:14,907 INFO     ___FILE_ONLY___ │ 
2023-01-09 14:31:14,907 INFO     ___FILE_ONLY___ gcloud app Python Extensions                        
2023-01-09 14:31:14,908 INFO     ___FILE_ONLY___  
2023-01-09 14:31:14,908 INFO     ___FILE_ONLY___ │ 
2023-01-09 14:31:14,908 INFO     ___FILE_ONLY___ app-engine-python       
2023-01-09 14:31:14,908 INFO     ___FILE_ONLY___  
2023-01-09 14:31:14,908 INFO     ___FILE_ONLY___ │ 
2023-01-09 14:31:14,908 INFO     ___FILE_ONLY___  8.6 MiB
2023-01-09 14:31:14,908 INFO     ___FILE_ONLY___  
2023-01-09 14:31:14,908 INFO     ___FILE_ONLY___ │
2023-01-09 14:31:14,908 INFO     ___FILE_ONLY___ 

2023-01-09 14:31:14,908 INFO     ___FILE_ONLY___ │ 
2023-01-09 14:31:14,908 INFO     ___FILE_ONLY___ Not Installed
2023-01-09 14:31:14,908 INFO     ___FILE_ONLY___  
2023-01-09 14:31:14,909 INFO     ___FILE_ONLY___ │ 
2023-01-09 14:31:14,909 INFO     ___FILE_ONLY___ gcloud app Python Extensions (Extra Libraries)      
2023-01-09 14:31:14,909 INFO     ___FILE_ONLY___  
2023-01-09 14:31:14,909 INFO     ___FILE_ONLY___ │ 
2023-01-09 14:31:14,909 INFO     ___FILE_ONLY___ app-engine-python-extras
2023-01-09 14:31:14,909 INFO     ___FILE_ONLY___  
2023-01-09 14:31:14,909 INFO     ___FILE_ONLY___ │ 
2023-01-09 14:31:14,909 INFO     ___FILE_ONLY___ 26.4 MiB
2023-01-09 14:31:14,909 INFO     ___FILE_ONLY___  
2023-01-09 14:31:14,909 INFO     ___FILE_ONLY___ │
2023-01-09 14:31:14,909 INFO     ___FILE_ONLY___ 

2023-01-09 14:31:14,909 INFO     ___FILE_ONLY___ │ 
2023-01-09 14:31:14,909 INFO     ___FILE_ONLY___ Not Installed
2023-01-09 14:31:14,910 INFO     ___FILE_ONLY___  
2023-01-09 14:31:14,910 INFO     ___FILE_ONLY___ │ 
2023-01-09 14:31:14,910 INFO     ___FILE_ONLY___ gke-gcloud-auth-plugin                              
2023-01-09 14:31:14,910 INFO     ___FILE_ONLY___  
2023-01-09 14:31:14,910 INFO     ___FILE_ONLY___ │ 
2023-01-09 14:31:14,910 INFO     ___FILE_ONLY___ gke-gcloud-auth-plugin  
2023-01-09 14:31:14,910 INFO     ___FILE_ONLY___  
2023-01-09 14:31:14,910 INFO     ___FILE_ONLY___ │ 
2023-01-09 14:31:14,910 INFO     ___FILE_ONLY___  7.6 MiB
2023-01-09 14:31:14,910 INFO     ___FILE_ONLY___  
2023-01-09 14:31:14,910 INFO     ___FILE_ONLY___ │
2023-01-09 14:31:14,910 INFO     ___FILE_ONLY___ 

2023-01-09 14:31:14,910 INFO     ___FILE_ONLY___ │ 
2023-01-09 14:31:14,910 INFO     ___FILE_ONLY___ Not Installed
2023-01-09 14:31:14,910 INFO     ___FILE_ONLY___  
2023-01-09 14:31:14,911 INFO     ___FILE_ONLY___ │ 
2023-01-09 14:31:14,911 INFO     ___FILE_ONLY___ kpt                                                 
2023-01-09 14:31:14,911 INFO     ___FILE_ONLY___  
2023-01-09 14:31:14,911 INFO     ___FILE_ONLY___ │ 
2023-01-09 14:31:14,911 INFO     ___FILE_ONLY___ kpt                     
2023-01-09 14:31:14,911 INFO     ___FILE_ONLY___  
2023-01-09 14:31:14,911 INFO     ___FILE_ONLY___ │ 
2023-01-09 14:31:14,911 INFO     ___FILE_ONLY___ 12.3 MiB
2023-01-09 14:31:14,911 INFO     ___FILE_ONLY___  
2023-01-09 14:31:14,911 INFO     ___FILE_ONLY___ │
2023-01-09 14:31:14,911 INFO     ___FILE_ONLY___ 

2023-01-09 14:31:14,911 INFO     ___FILE_ONLY___ │ 
2023-01-09 14:31:14,911 INFO     ___FILE_ONLY___ Not Installed
2023-01-09 14:31:14,911 INFO     ___FILE_ONLY___  
2023-01-09 14:31:14,911 INFO     ___FILE_ONLY___ │ 
2023-01-09 14:31:14,912 INFO     ___FILE_ONLY___ kubectl                                             
2023-01-09 14:31:14,912 INFO     ___FILE_ONLY___  
2023-01-09 14:31:14,912 INFO     ___FILE_ONLY___ │ 
2023-01-09 14:31:14,912 INFO     ___FILE_ONLY___ kubectl                 
2023-01-09 14:31:14,912 INFO     ___FILE_ONLY___  
2023-01-09 14:31:14,912 INFO     ___FILE_ONLY___ │ 
2023-01-09 14:31:14,912 INFO     ___FILE_ONLY___  < 1 MiB
2023-01-09 14:31:14,912 INFO     ___FILE_ONLY___  
2023-01-09 14:31:14,912 INFO     ___FILE_ONLY___ │
2023-01-09 14:31:14,912 INFO     ___FILE_ONLY___ 

2023-01-09 14:31:14,912 INFO     ___FILE_ONLY___ │ 
2023-01-09 14:31:14,912 INFO     ___FILE_ONLY___ Not Installed
2023-01-09 14:31:14,912 INFO     ___FILE_ONLY___  
2023-01-09 14:31:14,912 INFO     ___FILE_ONLY___ │ 
2023-01-09 14:31:14,913 INFO     ___FILE_ONLY___ kubectl-oidc                                        
2023-01-09 14:31:14,913 INFO     ___FILE_ONLY___  
2023-01-09 14:31:14,913 INFO     ___FILE_ONLY___ │ 
2023-01-09 14:31:14,913 INFO     ___FILE_ONLY___ kubectl-oidc            
2023-01-09 14:31:14,913 INFO     ___FILE_ONLY___  
2023-01-09 14:31:14,913 INFO     ___FILE_ONLY___ │ 
2023-01-09 14:31:14,913 INFO     ___FILE_ONLY___ 20.4 MiB
2023-01-09 14:31:14,913 INFO     ___FILE_ONLY___  
2023-01-09 14:31:14,913 INFO     ___FILE_ONLY___ │
2023-01-09 14:31:14,913 INFO     ___FILE_ONLY___ 

2023-01-09 14:31:14,913 INFO     ___FILE_ONLY___ │ 
2023-01-09 14:31:14,913 INFO     ___FILE_ONLY___ Not Installed
2023-01-09 14:31:14,914 INFO     ___FILE_ONLY___  
2023-01-09 14:31:14,914 INFO     ___FILE_ONLY___ │ 
2023-01-09 14:31:14,914 INFO     ___FILE_ONLY___ pkg                                                 
2023-01-09 14:31:14,914 INFO     ___FILE_ONLY___  
2023-01-09 14:31:14,914 INFO     ___FILE_ONLY___ │ 
2023-01-09 14:31:14,914 INFO     ___FILE_ONLY___ pkg                     
2023-01-09 14:31:14,914 INFO     ___FILE_ONLY___  
2023-01-09 14:31:14,914 INFO     ___FILE_ONLY___ │ 
2023-01-09 14:31:14,914 INFO     ___FILE_ONLY___         
2023-01-09 14:31:14,914 INFO     ___FILE_ONLY___  
2023-01-09 14:31:14,914 INFO     ___FILE_ONLY___ │
2023-01-09 14:31:14,914 INFO     ___FILE_ONLY___ 

2023-01-09 14:31:14,914 INFO     ___FILE_ONLY___ │ 
2023-01-09 14:31:14,914 INFO     ___FILE_ONLY___ Installed    
2023-01-09 14:31:14,915 INFO     ___FILE_ONLY___  
2023-01-09 14:31:14,915 INFO     ___FILE_ONLY___ │ 
2023-01-09 14:31:14,915 INFO     ___FILE_ONLY___ BigQuery Command Line Tool                          
2023-01-09 14:31:14,915 INFO     ___FILE_ONLY___  
2023-01-09 14:31:14,915 INFO     ___FILE_ONLY___ │ 
2023-01-09 14:31:14,915 INFO     ___FILE_ONLY___ bq                      
2023-01-09 14:31:14,915 INFO     ___FILE_ONLY___  
2023-01-09 14:31:14,915 INFO     ___FILE_ONLY___ │ 
2023-01-09 14:31:14,915 INFO     ___FILE_ONLY___  1.6 MiB
2023-01-09 14:31:14,915 INFO     ___FILE_ONLY___  
2023-01-09 14:31:14,915 INFO     ___FILE_ONLY___ │
2023-01-09 14:31:14,916 INFO     ___FILE_ONLY___ 

2023-01-09 14:31:14,916 INFO     ___FILE_ONLY___ │ 
2023-01-09 14:31:14,916 INFO     ___FILE_ONLY___ Installed    
2023-01-09 14:31:14,916 INFO     ___FILE_ONLY___  
2023-01-09 14:31:14,916 INFO     ___FILE_ONLY___ │ 
2023-01-09 14:31:14,916 INFO     ___FILE_ONLY___ Bundled Python 3.9                                  
2023-01-09 14:31:14,916 INFO     ___FILE_ONLY___  
2023-01-09 14:31:14,916 INFO     ___FILE_ONLY___ │ 
2023-01-09 14:31:14,916 INFO     ___FILE_ONLY___ bundled-python3-unix    
2023-01-09 14:31:14,917 INFO     ___FILE_ONLY___  
2023-01-09 14:31:14,917 INFO     ___FILE_ONLY___ │ 
2023-01-09 14:31:14,917 INFO     ___FILE_ONLY___ 62.2 MiB
2023-01-09 14:31:14,917 INFO     ___FILE_ONLY___  
2023-01-09 14:31:14,917 INFO     ___FILE_ONLY___ │
2023-01-09 14:31:14,918 INFO     ___FILE_ONLY___ 

2023-01-09 14:31:14,918 INFO     ___FILE_ONLY___ │ 
2023-01-09 14:31:14,918 INFO     ___FILE_ONLY___ Installed    
2023-01-09 14:31:14,918 INFO     ___FILE_ONLY___  
2023-01-09 14:31:14,918 INFO     ___FILE_ONLY___ │ 
2023-01-09 14:31:14,918 INFO     ___FILE_ONLY___ Cloud Storage Command Line Tool                     
2023-01-09 14:31:14,918 INFO     ___FILE_ONLY___  
2023-01-09 14:31:14,918 INFO     ___FILE_ONLY___ │ 
2023-01-09 14:31:14,918 INFO     ___FILE_ONLY___ gsutil                  
2023-01-09 14:31:14,919 INFO     ___FILE_ONLY___  
2023-01-09 14:31:14,919 INFO     ___FILE_ONLY___ │ 
2023-01-09 14:31:14,919 INFO     ___FILE_ONLY___ 15.5 MiB
2023-01-09 14:31:14,919 INFO     ___FILE_ONLY___  
2023-01-09 14:31:14,919 INFO     ___FILE_ONLY___ │
2023-01-09 14:31:14,919 INFO     ___FILE_ONLY___ 

2023-01-09 14:31:14,919 INFO     ___FILE_ONLY___ │ 
2023-01-09 14:31:14,919 INFO     ___FILE_ONLY___ Installed    
2023-01-09 14:31:14,919 INFO     ___FILE_ONLY___  
2023-01-09 14:31:14,919 INFO     ___FILE_ONLY___ │ 
2023-01-09 14:31:14,920 INFO     ___FILE_ONLY___ Google Cloud CLI Core Libraries                     
2023-01-09 14:31:14,920 INFO     ___FILE_ONLY___  
2023-01-09 14:31:14,920 INFO     ___FILE_ONLY___ │ 
2023-01-09 14:31:14,920 INFO     ___FILE_ONLY___ core                    
2023-01-09 14:31:14,920 INFO     ___FILE_ONLY___  
2023-01-09 14:31:14,920 INFO     ___FILE_ONLY___ │ 
2023-01-09 14:31:14,920 INFO     ___FILE_ONLY___ 25.9 MiB
2023-01-09 14:31:14,921 INFO     ___FILE_ONLY___  
2023-01-09 14:31:14,921 INFO     ___FILE_ONLY___ │
2023-01-09 14:31:14,921 INFO     ___FILE_ONLY___ 

2023-01-09 14:31:14,921 INFO     ___FILE_ONLY___ │ 
2023-01-09 14:31:14,921 INFO     ___FILE_ONLY___ Installed    
2023-01-09 14:31:14,921 INFO     ___FILE_ONLY___  
2023-01-09 14:31:14,921 INFO     ___FILE_ONLY___ │ 
2023-01-09 14:31:14,921 INFO     ___FILE_ONLY___ Google Cloud CRC32C Hash Tool                       
2023-01-09 14:31:14,921 INFO     ___FILE_ONLY___  
2023-01-09 14:31:14,921 INFO     ___FILE_ONLY___ │ 
2023-01-09 14:31:14,922 INFO     ___FILE_ONLY___ gcloud-crc32c           
2023-01-09 14:31:14,922 INFO     ___FILE_ONLY___  
2023-01-09 14:31:14,922 INFO     ___FILE_ONLY___ │ 
2023-01-09 14:31:14,922 INFO     ___FILE_ONLY___  1.2 MiB
2023-01-09 14:31:14,922 INFO     ___FILE_ONLY___  
2023-01-09 14:31:14,922 INFO     ___FILE_ONLY___ │
2023-01-09 14:31:14,922 INFO     ___FILE_ONLY___ 

2023-01-09 14:31:14,922 INFO     ___FILE_ONLY___ └───────────────┴──────────────────────────────────────────────────────┴──────────────────────────┴──────────┘
2023-01-09 14:31:14,922 INFO     ___FILE_ONLY___ 

2023-01-09 14:31:14,922 INFO     ___FILE_ONLY___ To install or remove components at your current SDK version [412.0.0], run:
  $ gcloud components install COMPONENT_ID
  $ gcloud components remove COMPONENT_ID

To update your SDK installation to the latest version [412.0.0], run:
  $ gcloud components update


