2023-01-09 14:50:57,632 DEBUG    root            Loaded Command Group: ['gcloud', 'init']
2023-01-09 14:50:57,634 DEBUG    root            Running [gcloud.init] with arguments: []
2023-01-09 14:50:57,634 INFO     ___FILE_ONLY___ Welcome! This command will take you through the configuration of gcloud.


2023-01-09 14:50:57,635 INFO     ___FILE_ONLY___ Settings from your current configuration [default] are:

2023-01-09 14:50:57,640 INFO     ___FILE_ONLY___ core:
  account: ostap.seryvko@ucu.edu.ua
  disable_usage_reporting: 'True'
  project: spheric-crow-373811

2023-01-09 14:50:57,640 INFO     ___FILE_ONLY___ 

2023-01-09 14:51:47,391 DEBUG    root            (gcloud.init) Invalid name [3] for a configuration.  Except for special cases (NONE), configuration names start with a lower case letter and contain only lower case letters a-z, digits 0-9, and hyphens '-'.
Traceback (most recent call last):
  File "/home/ostap/google-cloud-sdk/lib/googlecloudsdk/calliope/cli.py", line 987, in Execute
    resources = calliope_command.Run(cli=self, args=args)
  File "/home/ostap/google-cloud-sdk/lib/googlecloudsdk/calliope/backend.py", line 807, in Run
    resources = command_instance.Run(args)
  File "/home/ostap/google-cloud-sdk/lib/surface/init.py", line 133, in Run
    configuration_name = self._PickConfiguration()
  File "/home/ostap/google-cloud-sdk/lib/surface/init.py", line 297, in _PickConfiguration
    return self._CreateConfiguration()
  File "/home/ostap/google-cloud-sdk/lib/surface/init.py", line 449, in _CreateConfiguration
    named_configs.ConfigurationStore.CreateConfig(configuration_name)
  File "/home/ostap/google-cloud-sdk/lib/googlecloudsdk/core/configurations/named_configs.py", line 230, in CreateConfig
    _EnsureValidConfigName(config_name, allow_reserved=False)
  File "/home/ostap/google-cloud-sdk/lib/googlecloudsdk/core/configurations/named_configs.py", line 612, in _EnsureValidConfigName
    raise InvalidConfigName(config_name)
googlecloudsdk.core.configurations.named_configs.InvalidConfigName: Invalid name [3] for a configuration.  Except for special cases (NONE), configuration names start with a lower case letter and contain only lower case letters a-z, digits 0-9, and hyphens '-'.
2023-01-09 14:51:47,397 ERROR    root            (gcloud.init) Invalid name [3] for a configuration.  Except for special cases (NONE), configuration names start with a lower case letter and contain only lower case letters a-z, digits 0-9, and hyphens '-'.
