2023-01-09 14:57:11,983 DEBUG    root            Loaded Command Group: ['gcloud', 'auth']
2023-01-09 14:57:11,985 DEBUG    root            Loaded Command Group: ['gcloud', 'auth', 'application_default']
2023-01-09 14:57:11,989 DEBUG    root            Loaded Command Group: ['gcloud', 'auth', 'application-default', 'login']
2023-01-09 14:57:11,992 DEBUG    root            Running [gcloud.auth.application-default.login] with arguments: []
2023-01-09 14:57:12,059 DEBUG    requests_oauthlib.oauth2_session Generated new state ZqkNUmdmNLPgWNEpKZmhD1NB9y1k8L.
2023-01-09 14:57:12,177 INFO     ___FILE_ONLY___ Your browser has been opened to visit:

    https://accounts.google.com/o/oauth2/auth?response_type=code&client_id=764086051850-6qr4p6gpi6hn506pt8ejuq83di341hur.apps.googleusercontent.com&redirect_uri=http%3A%2F%2Flocalhost%3A8085%2F&scope=openid+https%3A%2F%2Fwww.googleapis.com%2Fauth%2Fuserinfo.email+https%3A%2F%2Fwww.googleapis.com%2Fauth%2Fcloud-platform+https%3A%2F%2Fwww.googleapis.com%2Fauth%2Fsqlservice.login+https%3A%2F%2Fwww.googleapis.com%2Fauth%2Faccounts.reauth&state=ZqkNUmdmNLPgWNEpKZmhD1NB9y1k8L&access_type=offline&code_challenge=4_hsnQF4lIJXu4SFRuiVbjts9PhByojc25-C9JFaQKg&code_challenge_method=S256


2023-01-09 14:57:19,601 INFO     google_auth_oauthlib.flow "GET /?state=ZqkNUmdmNLPgWNEpKZmhD1NB9y1k8L&code=4/0AWgavdeMtyB9yl9D_NxBGPdcgSa335_v-s7slihvdsAChgTEer9bA3e3ZkEfvQX_leaeVg&scope=email%20openid%20https://www.googleapis.com/auth/userinfo.email%20https://www.googleapis.com/auth/cloud-platform%20https://www.googleapis.com/auth/sqlservice.login%20https://www.googleapis.com/auth/accounts.reauth&authuser=0&hd=ucu.edu.ua&prompt=consent HTTP/1.1" 200 959
2023-01-09 14:57:19,606 DEBUG    requests_oauthlib.oauth2_session Requesting url https://oauth2.googleapis.com/token using method POST.
2023-01-09 14:57:19,607 DEBUG    requests_oauthlib.oauth2_session Supplying headers {b'Accept': b'application/json', b'Content-Type': b'application/x-www-form-urlencoded;charset=UTF-8', b'user-agent': b'google-cloud-sdk gcloud/412.0.0 command/gcloud.auth.application-default.login invocation-id/c7f08f58488d4e10bb5f9e482fffcea1 environment/None environment-version/None interactive/True from-script/False python/3.9.12 term/xterm-256color (Linux 5.15.0-56-generic)'} and data {'grant_type': 'authorization_code', 'client_id': '764086051850-6qr4p6gpi6hn506pt8ejuq83di341hur.apps.googleusercontent.com', 'client_secret': 'd-FL95Q19q7MQmFpd7hHD0Ty', 'code': '4/0AWgavdeMtyB9yl9D_NxBGPdcgSa335_v-s7slihvdsAChgTEer9bA3e3ZkEfvQX_leaeVg', 'redirect_uri': 'http://localhost:8085/', 'code_verifier': 'FEDFkBNJU.CcOjCA~xNlGwm1SevZXlgqgc5T7~oisZeGY2nV0Lk0nOLzo6Rq0OAPek10ZRa62DO_xG8J.2Qt~22Q4OWb3k2shSNVWbSq1F-zb.rWtNTF8NGLD-U2tp9G'}
2023-01-09 14:57:19,607 DEBUG    requests_oauthlib.oauth2_session Passing through key word arguments {'json': None, 'timeout': None, 'auth': None, 'verify': None, 'proxies': None}.
2023-01-09 14:57:19,624 DEBUG    urllib3.connectionpool Starting new HTTPS connection (1): oauth2.googleapis.com:443
2023-01-09 14:57:21,627 DEBUG    urllib3.connectionpool https://oauth2.googleapis.com:443 "POST /token HTTP/1.1" 200 None
2023-01-09 14:57:21,634 DEBUG    requests_oauthlib.oauth2_session Prepared fetch token request body grant_type=authorization_code&client_id=764086051850-6qr4p6gpi6hn506pt8ejuq83di341hur.apps.googleusercontent.com&client_secret=d-FL95Q19q7MQmFpd7hHD0Ty&code=4%2F0AWgavdeMtyB9yl9D_NxBGPdcgSa335_v-s7slihvdsAChgTEer9bA3e3ZkEfvQX_leaeVg&redirect_uri=http%3A%2F%2Flocalhost%3A8085%2F&code_verifier=FEDFkBNJU.CcOjCA~xNlGwm1SevZXlgqgc5T7~oisZeGY2nV0Lk0nOLzo6Rq0OAPek10ZRa62DO_xG8J.2Qt~22Q4OWb3k2shSNVWbSq1F-zb.rWtNTF8NGLD-U2tp9G
2023-01-09 14:57:21,635 DEBUG    requests_oauthlib.oauth2_session Request to fetch token completed with status 200.
2023-01-09 14:57:21,637 DEBUG    requests_oauthlib.oauth2_session Request headers were {'user-agent': b'google-cloud-sdk gcloud/412.0.0 command/gcloud.auth.application-default.login invocation-id/c7f08f58488d4e10bb5f9e482fffcea1 environment/None environment-version/None interactive/True from-script/False python/3.9.12 term/xterm-256color (Linux 5.15.0-56-generic)', 'Accept-Encoding': 'gzip, deflate', 'Accept': b'application/json', 'Connection': 'keep-alive', 'Content-Type': b'application/x-www-form-urlencoded;charset=UTF-8', 'Content-Length': '421'}
2023-01-09 14:57:21,638 DEBUG    requests_oauthlib.oauth2_session Request body was grant_type=authorization_code&client_id=764086051850-6qr4p6gpi6hn506pt8ejuq83di341hur.apps.googleusercontent.com&client_secret=d-FL95Q19q7MQmFpd7hHD0Ty&code=4%2F0AWgavdeMtyB9yl9D_NxBGPdcgSa335_v-s7slihvdsAChgTEer9bA3e3ZkEfvQX_leaeVg&redirect_uri=http%3A%2F%2Flocalhost%3A8085%2F&code_verifier=FEDFkBNJU.CcOjCA~xNlGwm1SevZXlgqgc5T7~oisZeGY2nV0Lk0nOLzo6Rq0OAPek10ZRa62DO_xG8J.2Qt~22Q4OWb3k2shSNVWbSq1F-zb.rWtNTF8NGLD-U2tp9G
2023-01-09 14:57:21,638 DEBUG    requests_oauthlib.oauth2_session Response headers were {'Date': 'Mon, 09 Jan 2023 12:57:21 GMT', 'Expires': 'Mon, 01 Jan 1990 00:00:00 GMT', 'Cache-Control': 'no-cache, no-store, max-age=0, must-revalidate', 'Pragma': 'no-cache', 'Content-Type': 'application/json; charset=utf-8', 'Vary': 'Origin, X-Origin, Referer', 'Content-Encoding': 'gzip', 'Server': 'scaffolding on HTTPServer2', 'X-XSS-Protection': '0', 'X-Frame-Options': 'SAMEORIGIN', 'X-Content-Type-Options': 'nosniff', 'Alt-Svc': 'h3=":443"; ma=2592000,h3-29=":443"; ma=2592000,h3-Q050=":443"; ma=2592000,h3-Q046=":443"; ma=2592000,h3-Q043=":443"; ma=2592000,quic=":443"; ma=2592000; v="46,43"', 'Transfer-Encoding': 'chunked'} and content {
  "access_token": "ya29.a0AX9GBdUraKEUARy2efuNw-bBIEfUWUfxbkvqdkj8h-vgN12pn5ArfNSSt2AC3U80oI4O0BiVxnBm-d_ZPlnjVcjameFCYLShQlOSEOGpgSe7EAgGeT949uYAPhUe6RKwNQUT2-zLmCokzEYiFnN76uRHLYtKaCgYKAaISARISFQHUCsbCoBly7r6KypIMaCKqM2vqCA0163",
  "expires_in": 3599,
  "refresh_token": "1//0c25fjyJwSiBTCgYIARAAGAwSNwF-L9IrOSmgfmWVz6k0Azbu2G-NPepNkLl-x4PzM4tox5PnUrqiu_AqydJLgLaq0RjSWAigFeE",
  "scope": "https://www.googleapis.com/auth/sqlservice.login https://www.googleapis.com/auth/userinfo.email https://www.googleapis.com/auth/cloud-platform https://www.googleapis.com/auth/accounts.reauth openid",
  "token_type": "Bearer",
  "id_token": "eyJhbGciOiJSUzI1NiIsImtpZCI6ImEyOWFiYzE5YmUyN2ZiNDE1MWFhNDMxZTk0ZmEzNjgwYWU0NThkYTUiLCJ0eXAiOiJKV1QifQ.eyJpc3MiOiJodHRwczovL2FjY291bnRzLmdvb2dsZS5jb20iLCJhenAiOiI3NjQwODYwNTE4NTAtNnFyNHA2Z3BpNmhuNTA2cHQ4ZWp1cTgzZGkzNDFodXIuYXBwcy5nb29nbGV1c2VyY29udGVudC5jb20iLCJhdWQiOiI3NjQwODYwNTE4NTAtNnFyNHA2Z3BpNmhuNTA2cHQ4ZWp1cTgzZGkzNDFodXIuYXBwcy5nb29nbGV1c2VyY29udGVudC5jb20iLCJzdWIiOiIxMDc4NjU1ODUzMDk0NjM2ODgyMTkiLCJoZCI6InVjdS5lZHUudWEiLCJlbWFpbCI6Im9zdGFwLnNlcnl2a29AdWN1LmVkdS51YSIsImVtYWlsX3ZlcmlmaWVkIjp0cnVlLCJhdF9oYXNoIjoiT0NEM251U01TMXVuQzViNzFIT3g0ZyIsImlhdCI6MTY3MzI2OTA0MSwiZXhwIjoxNjczMjcyNjQxfQ.eF_xguStXyZ1n97wBEZwFc53FJVcvD-hkMdlEkRfW_xBWOYtsCCfo-q6nMeqvojb_8xGBVyyVrH9C0SRLatSCSOgl0sMiKz7oCWg203GdxIW0rWaXfUR4H4swWIYrqiimA9y82jI_bOgSG1lBXYb8lIKllEU8nvdFnXxhNyLGVrM9O-jIj_l-NCGXNIkYxlDCM9IhcfdOC9ERFdoA6W_aJOUgZ4l69uRdStLjjQHzJp4ZnS7RHWpu4I3koItx-y0RU9YyMT3086ZRiuE_4F_yXpAk1j8qsvJum5NYt4WB38Bi0EdfhPfe4WTBEIXbZ_OdmPyjuxj5tyscwJ5aKTXhg"
}.
2023-01-09 14:57:21,639 DEBUG    requests_oauthlib.oauth2_session Invoking 0 token response hooks.
2023-01-09 14:57:21,640 DEBUG    requests_oauthlib.oauth2_session Obtained token {'access_token': 'ya29.a0AX9GBdUraKEUARy2efuNw-bBIEfUWUfxbkvqdkj8h-vgN12pn5ArfNSSt2AC3U80oI4O0BiVxnBm-d_ZPlnjVcjameFCYLShQlOSEOGpgSe7EAgGeT949uYAPhUe6RKwNQUT2-zLmCokzEYiFnN76uRHLYtKaCgYKAaISARISFQHUCsbCoBly7r6KypIMaCKqM2vqCA0163', 'expires_in': 3599, 'refresh_token': '1//0c25fjyJwSiBTCgYIARAAGAwSNwF-L9IrOSmgfmWVz6k0Azbu2G-NPepNkLl-x4PzM4tox5PnUrqiu_AqydJLgLaq0RjSWAigFeE', 'scope': ['https://www.googleapis.com/auth/sqlservice.login', 'https://www.googleapis.com/auth/userinfo.email', 'https://www.googleapis.com/auth/cloud-platform', 'https://www.googleapis.com/auth/accounts.reauth', 'openid'], 'token_type': 'Bearer', 'id_token': 'eyJhbGciOiJSUzI1NiIsImtpZCI6ImEyOWFiYzE5YmUyN2ZiNDE1MWFhNDMxZTk0ZmEzNjgwYWU0NThkYTUiLCJ0eXAiOiJKV1QifQ.eyJpc3MiOiJodHRwczovL2FjY291bnRzLmdvb2dsZS5jb20iLCJhenAiOiI3NjQwODYwNTE4NTAtNnFyNHA2Z3BpNmhuNTA2cHQ4ZWp1cTgzZGkzNDFodXIuYXBwcy5nb29nbGV1c2VyY29udGVudC5jb20iLCJhdWQiOiI3NjQwODYwNTE4NTAtNnFyNHA2Z3BpNmhuNTA2cHQ4ZWp1cTgzZGkzNDFodXIuYXBwcy5nb29nbGV1c2VyY29udGVudC5jb20iLCJzdWIiOiIxMDc4NjU1ODUzMDk0NjM2ODgyMTkiLCJoZCI6InVjdS5lZHUudWEiLCJlbWFpbCI6Im9zdGFwLnNlcnl2a29AdWN1LmVkdS51YSIsImVtYWlsX3ZlcmlmaWVkIjp0cnVlLCJhdF9oYXNoIjoiT0NEM251U01TMXVuQzViNzFIT3g0ZyIsImlhdCI6MTY3MzI2OTA0MSwiZXhwIjoxNjczMjcyNjQxfQ.eF_xguStXyZ1n97wBEZwFc53FJVcvD-hkMdlEkRfW_xBWOYtsCCfo-q6nMeqvojb_8xGBVyyVrH9C0SRLatSCSOgl0sMiKz7oCWg203GdxIW0rWaXfUR4H4swWIYrqiimA9y82jI_bOgSG1lBXYb8lIKllEU8nvdFnXxhNyLGVrM9O-jIj_l-NCGXNIkYxlDCM9IhcfdOC9ERFdoA6W_aJOUgZ4l69uRdStLjjQHzJp4ZnS7RHWpu4I3koItx-y0RU9YyMT3086ZRiuE_4F_yXpAk1j8qsvJum5NYt4WB38Bi0EdfhPfe4WTBEIXbZ_OdmPyjuxj5tyscwJ5aKTXhg', 'expires_at': 1673272640.6406727}.
2023-01-09 14:57:21,651 INFO     ___FILE_ONLY___ 
Credentials saved to file: [/home/ostap/.config/gcloud/application_default_credentials.json]

2023-01-09 14:57:21,653 INFO     ___FILE_ONLY___ 
These credentials will be used by any library that requests Application Default Credentials (ADC).

2023-01-09 14:57:21,686 INFO     root            Using alternate credentials from file: [/home/ostap/.config/gcloud/application_default_credentials.json]
2023-01-09 14:57:21,702 DEBUG    google.auth.transport.requests Making request: POST https://oauth2.googleapis.com/token
2023-01-09 14:57:21,709 DEBUG    urllib3.connectionpool Starting new HTTPS connection (1): oauth2.googleapis.com:443
2023-01-09 14:57:23,093 DEBUG    urllib3.connectionpool https://oauth2.googleapis.com:443 "POST /token HTTP/1.1" 200 None
2023-01-09 14:57:23,108 INFO     root            Using alternate credentials from file: [/home/ostap/.config/gcloud/application_default_credentials.json]
2023-01-09 14:57:23,141 DEBUG    urllib3.connectionpool Starting new HTTPS connection (1): cloudresourcemanager.googleapis.com:443
2023-01-09 14:57:24,986 DEBUG    urllib3.connectionpool https://cloudresourcemanager.googleapis.com:443 "POST /v1/projects/spheric-crow-373811:testIamPermissions?alt=json HTTP/1.1" 200 None
2023-01-09 14:57:25,004 INFO     ___FILE_ONLY___ 
Quota project "spheric-crow-373811" was added to ADC which can be used by Google client libraries for billing and quota. Note that some services may still bill the project owning the resource.

2023-01-09 14:57:25,009 INFO     root            Display format: "none"
