2023-01-09 14:55:29,755 DEBUG    root            Loaded Command Group: ['gcloud', 'auth']
2023-01-09 14:55:29,757 DEBUG    root            Loaded Command Group: ['gcloud', 'auth', 'application_default']
2023-01-09 14:55:29,760 DEBUG    root            Loaded Command Group: ['gcloud', 'auth', 'application-default', 'login']
2023-01-09 14:55:29,763 DEBUG    root            Running [gcloud.auth.application-default.login] with arguments: []
2023-01-09 14:55:29,818 DEBUG    requests_oauthlib.oauth2_session Generated new state rT5CJdYirzXp8xt96Hsy4buC8EcrEw.
2023-01-09 14:55:29,936 INFO     ___FILE_ONLY___ Your browser has been opened to visit:

    https://accounts.google.com/o/oauth2/auth?response_type=code&client_id=764086051850-6qr4p6gpi6hn506pt8ejuq83di341hur.apps.googleusercontent.com&redirect_uri=http%3A%2F%2Flocalhost%3A8085%2F&scope=openid+https%3A%2F%2Fwww.googleapis.com%2Fauth%2Fuserinfo.email+https%3A%2F%2Fwww.googleapis.com%2Fauth%2Fcloud-platform+https%3A%2F%2Fwww.googleapis.com%2Fauth%2Fsqlservice.login+https%3A%2F%2Fwww.googleapis.com%2Fauth%2Faccounts.reauth&state=rT5CJdYirzXp8xt96Hsy4buC8EcrEw&access_type=offline&code_challenge=5EhLDdu4jEwe5BjzJsxS6TxG9afdgUdC2bC6zJpHiwo&code_challenge_method=S256


2023-01-09 14:55:38,964 INFO     google_auth_oauthlib.flow "GET /?state=rT5CJdYirzXp8xt96Hsy4buC8EcrEw&code=4/0AWgavdcXbPPiGYGsz_AF71ai_02UZ2__TNWPuwKM0bTUxK5AqgHF4RKRX0xtYjAOjUX0iw&scope=email%20openid%20https://www.googleapis.com/auth/userinfo.email%20https://www.googleapis.com/auth/cloud-platform%20https://www.googleapis.com/auth/sqlservice.login%20https://www.googleapis.com/auth/accounts.reauth&authuser=0&hd=ucu.edu.ua&prompt=consent HTTP/1.1" 200 959
2023-01-09 14:55:38,969 DEBUG    requests_oauthlib.oauth2_session Requesting url https://oauth2.googleapis.com/token using method POST.
2023-01-09 14:55:38,970 DEBUG    requests_oauthlib.oauth2_session Supplying headers {b'Accept': b'application/json', b'Content-Type': b'application/x-www-form-urlencoded;charset=UTF-8', b'user-agent': b'google-cloud-sdk gcloud/412.0.0 command/gcloud.auth.application-default.login invocation-id/7a16875ffd7c40c2aca52eef4a0221be environment/None environment-version/None interactive/True from-script/False python/3.9.12 term/xterm-256color (Linux 5.15.0-56-generic)'} and data {'grant_type': 'authorization_code', 'client_id': '764086051850-6qr4p6gpi6hn506pt8ejuq83di341hur.apps.googleusercontent.com', 'client_secret': 'd-FL95Q19q7MQmFpd7hHD0Ty', 'code': '4/0AWgavdcXbPPiGYGsz_AF71ai_02UZ2__TNWPuwKM0bTUxK5AqgHF4RKRX0xtYjAOjUX0iw', 'redirect_uri': 'http://localhost:8085/', 'code_verifier': 'cL~WNYgRGnge_z33-HZRJoLpOrmvDaQ0a0U5~nE1~NMdHGthGR8~hNhpI_6sRtV32iZqNtUnZg1Xz4kNu00EtvsM1RrM5PWLp3gxly5-.Iy41nEtI20FbceO-ymO1R~0'}
2023-01-09 14:55:38,971 DEBUG    requests_oauthlib.oauth2_session Passing through key word arguments {'json': None, 'timeout': None, 'auth': None, 'verify': None, 'proxies': None}.
2023-01-09 14:55:38,987 DEBUG    urllib3.connectionpool Starting new HTTPS connection (1): oauth2.googleapis.com:443
2023-01-09 14:55:43,969 DEBUG    urllib3.connectionpool https://oauth2.googleapis.com:443 "POST /token HTTP/1.1" 200 None
2023-01-09 14:55:43,975 DEBUG    requests_oauthlib.oauth2_session Prepared fetch token request body grant_type=authorization_code&client_id=764086051850-6qr4p6gpi6hn506pt8ejuq83di341hur.apps.googleusercontent.com&client_secret=d-FL95Q19q7MQmFpd7hHD0Ty&code=4%2F0AWgavdcXbPPiGYGsz_AF71ai_02UZ2__TNWPuwKM0bTUxK5AqgHF4RKRX0xtYjAOjUX0iw&redirect_uri=http%3A%2F%2Flocalhost%3A8085%2F&code_verifier=cL~WNYgRGnge_z33-HZRJoLpOrmvDaQ0a0U5~nE1~NMdHGthGR8~hNhpI_6sRtV32iZqNtUnZg1Xz4kNu00EtvsM1RrM5PWLp3gxly5-.Iy41nEtI20FbceO-ymO1R~0
2023-01-09 14:55:43,976 DEBUG    requests_oauthlib.oauth2_session Request to fetch token completed with status 200.
2023-01-09 14:55:43,977 DEBUG    requests_oauthlib.oauth2_session Request headers were {'user-agent': b'google-cloud-sdk gcloud/412.0.0 command/gcloud.auth.application-default.login invocation-id/7a16875ffd7c40c2aca52eef4a0221be environment/None environment-version/None interactive/True from-script/False python/3.9.12 term/xterm-256color (Linux 5.15.0-56-generic)', 'Accept-Encoding': 'gzip, deflate', 'Accept': b'application/json', 'Connection': 'keep-alive', 'Content-Type': b'application/x-www-form-urlencoded;charset=UTF-8', 'Content-Length': '421'}
2023-01-09 14:55:43,978 DEBUG    requests_oauthlib.oauth2_session Request body was grant_type=authorization_code&client_id=764086051850-6qr4p6gpi6hn506pt8ejuq83di341hur.apps.googleusercontent.com&client_secret=d-FL95Q19q7MQmFpd7hHD0Ty&code=4%2F0AWgavdcXbPPiGYGsz_AF71ai_02UZ2__TNWPuwKM0bTUxK5AqgHF4RKRX0xtYjAOjUX0iw&redirect_uri=http%3A%2F%2Flocalhost%3A8085%2F&code_verifier=cL~WNYgRGnge_z33-HZRJoLpOrmvDaQ0a0U5~nE1~NMdHGthGR8~hNhpI_6sRtV32iZqNtUnZg1Xz4kNu00EtvsM1RrM5PWLp3gxly5-.Iy41nEtI20FbceO-ymO1R~0
2023-01-09 14:55:43,979 DEBUG    requests_oauthlib.oauth2_session Response headers were {'Expires': 'Mon, 01 Jan 1990 00:00:00 GMT', 'Pragma': 'no-cache', 'Date': 'Mon, 09 Jan 2023 12:55:42 GMT', 'Cache-Control': 'no-cache, no-store, max-age=0, must-revalidate', 'Content-Type': 'application/json; charset=utf-8', 'Vary': 'Origin, X-Origin, Referer', 'Content-Encoding': 'gzip', 'Server': 'scaffolding on HTTPServer2', 'X-XSS-Protection': '0', 'X-Frame-Options': 'SAMEORIGIN', 'X-Content-Type-Options': 'nosniff', 'Alt-Svc': 'h3=":443"; ma=2592000,h3-29=":443"; ma=2592000,h3-Q050=":443"; ma=2592000,h3-Q046=":443"; ma=2592000,h3-Q043=":443"; ma=2592000,quic=":443"; ma=2592000; v="46,43"', 'Transfer-Encoding': 'chunked'} and content {
  "access_token": "ya29.a0AX9GBdX6ww_YYVK_U95mo0u68ECab6xAqreNQpVSrj2FA4Y-k5iWUSrIR0Hot5ZJM62D1vyBMod2gsSfFd3Ef-wKewE5KO5r32xDEao5QWJnT_1GmQX2zsyXoMgd8F5CaJQQC1xEv6-FVbnOk7sXw1Sdu5bPaCgYKAYISARISFQHUCsbC7U0fSvLEUziACbtOV6BQig0163",
  "expires_in": 3599,
  "refresh_token": "1//0cetxU3kZRmvJCgYIARAAGAwSNwF-L9IrpGjBL_LmnCuE69BhJmGXP4seviWFDfoSSNK8cLwIBzVnogIqxwpmFMTt7oXL8s920E8",
  "scope": "openid https://www.googleapis.com/auth/cloud-platform https://www.googleapis.com/auth/userinfo.email https://www.googleapis.com/auth/sqlservice.login https://www.googleapis.com/auth/accounts.reauth",
  "token_type": "Bearer",
  "id_token": "eyJhbGciOiJSUzI1NiIsImtpZCI6ImEyOWFiYzE5YmUyN2ZiNDE1MWFhNDMxZTk0ZmEzNjgwYWU0NThkYTUiLCJ0eXAiOiJKV1QifQ.eyJpc3MiOiJodHRwczovL2FjY291bnRzLmdvb2dsZS5jb20iLCJhenAiOiI3NjQwODYwNTE4NTAtNnFyNHA2Z3BpNmhuNTA2cHQ4ZWp1cTgzZGkzNDFodXIuYXBwcy5nb29nbGV1c2VyY29udGVudC5jb20iLCJhdWQiOiI3NjQwODYwNTE4NTAtNnFyNHA2Z3BpNmhuNTA2cHQ4ZWp1cTgzZGkzNDFodXIuYXBwcy5nb29nbGV1c2VyY29udGVudC5jb20iLCJzdWIiOiIxMDc4NjU1ODUzMDk0NjM2ODgyMTkiLCJoZCI6InVjdS5lZHUudWEiLCJlbWFpbCI6Im9zdGFwLnNlcnl2a29AdWN1LmVkdS51YSIsImVtYWlsX3ZlcmlmaWVkIjp0cnVlLCJhdF9oYXNoIjoidmJPUnhqYUdGY3Q4Y3VYUE9GODZidyIsImlhdCI6MTY3MzI2ODk0MiwiZXhwIjoxNjczMjcyNTQyfQ.XrUJU0BnOQJyFfIzZ5pQdH6iy_PraOLc6Ck2qwWLQh8o9M72CLRTQAWiT3WDvw2fql6OUUcJIWyzwYt7lBEu3xKYVlLLs53xgT0rp0AOSn44lmxTeS7hp3hNDh8M6y4zsjQ0OyeHnrbqzeoIrdWWt4oByXFgyalrri0CVbAmB_hfedbLQ9ishWOkCHYFMWYSJrwKiOx8qA8fcbEBBw9a44Mss6kwnP4PrdCIYWpwC9oPPfC0h3_xr8QguJv0Kr5nVKkTZGc8A5dsrg0Ye_FNT-bY9aqVc9CMOrKfm8_TIK8hblB0UG1ZNgJjv6Tu2pRBh3iFqaroNTnermqiDPtSZA"
}.
2023-01-09 14:55:43,985 DEBUG    requests_oauthlib.oauth2_session Invoking 0 token response hooks.
2023-01-09 14:55:43,987 DEBUG    requests_oauthlib.oauth2_session Obtained token {'access_token': 'ya29.a0AX9GBdX6ww_YYVK_U95mo0u68ECab6xAqreNQpVSrj2FA4Y-k5iWUSrIR0Hot5ZJM62D1vyBMod2gsSfFd3Ef-wKewE5KO5r32xDEao5QWJnT_1GmQX2zsyXoMgd8F5CaJQQC1xEv6-FVbnOk7sXw1Sdu5bPaCgYKAYISARISFQHUCsbC7U0fSvLEUziACbtOV6BQig0163', 'expires_in': 3599, 'refresh_token': '1//0cetxU3kZRmvJCgYIARAAGAwSNwF-L9IrpGjBL_LmnCuE69BhJmGXP4seviWFDfoSSNK8cLwIBzVnogIqxwpmFMTt7oXL8s920E8', 'scope': ['openid', 'https://www.googleapis.com/auth/cloud-platform', 'https://www.googleapis.com/auth/userinfo.email', 'https://www.googleapis.com/auth/sqlservice.login', 'https://www.googleapis.com/auth/accounts.reauth'], 'token_type': 'Bearer', 'id_token': 'eyJhbGciOiJSUzI1NiIsImtpZCI6ImEyOWFiYzE5YmUyN2ZiNDE1MWFhNDMxZTk0ZmEzNjgwYWU0NThkYTUiLCJ0eXAiOiJKV1QifQ.eyJpc3MiOiJodHRwczovL2FjY291bnRzLmdvb2dsZS5jb20iLCJhenAiOiI3NjQwODYwNTE4NTAtNnFyNHA2Z3BpNmhuNTA2cHQ4ZWp1cTgzZGkzNDFodXIuYXBwcy5nb29nbGV1c2VyY29udGVudC5jb20iLCJhdWQiOiI3NjQwODYwNTE4NTAtNnFyNHA2Z3BpNmhuNTA2cHQ4ZWp1cTgzZGkzNDFodXIuYXBwcy5nb29nbGV1c2VyY29udGVudC5jb20iLCJzdWIiOiIxMDc4NjU1ODUzMDk0NjM2ODgyMTkiLCJoZCI6InVjdS5lZHUudWEiLCJlbWFpbCI6Im9zdGFwLnNlcnl2a29AdWN1LmVkdS51YSIsImVtYWlsX3ZlcmlmaWVkIjp0cnVlLCJhdF9oYXNoIjoidmJPUnhqYUdGY3Q4Y3VYUE9GODZidyIsImlhdCI6MTY3MzI2ODk0MiwiZXhwIjoxNjczMjcyNTQyfQ.XrUJU0BnOQJyFfIzZ5pQdH6iy_PraOLc6Ck2qwWLQh8o9M72CLRTQAWiT3WDvw2fql6OUUcJIWyzwYt7lBEu3xKYVlLLs53xgT0rp0AOSn44lmxTeS7hp3hNDh8M6y4zsjQ0OyeHnrbqzeoIrdWWt4oByXFgyalrri0CVbAmB_hfedbLQ9ishWOkCHYFMWYSJrwKiOx8qA8fcbEBBw9a44Mss6kwnP4PrdCIYWpwC9oPPfC0h3_xr8QguJv0Kr5nVKkTZGc8A5dsrg0Ye_FNT-bY9aqVc9CMOrKfm8_TIK8hblB0UG1ZNgJjv6Tu2pRBh3iFqaroNTnermqiDPtSZA', 'expires_at': 1673272542.9869177}.
2023-01-09 14:55:43,997 INFO     ___FILE_ONLY___ 
Credentials saved to file: [/home/ostap/.config/gcloud/application_default_credentials.json]

2023-01-09 14:55:43,998 INFO     ___FILE_ONLY___ 
These credentials will be used by any library that requests Application Default Credentials (ADC).

2023-01-09 14:55:44,028 INFO     root            Using alternate credentials from file: [/home/ostap/.config/gcloud/application_default_credentials.json]
2023-01-09 14:55:44,041 DEBUG    google.auth.transport.requests Making request: POST https://oauth2.googleapis.com/token
2023-01-09 14:55:44,047 DEBUG    urllib3.connectionpool Starting new HTTPS connection (1): oauth2.googleapis.com:443
2023-01-09 14:55:45,400 DEBUG    urllib3.connectionpool https://oauth2.googleapis.com:443 "POST /token HTTP/1.1" 200 None
2023-01-09 14:55:45,431 INFO     root            Using alternate credentials from file: [/home/ostap/.config/gcloud/application_default_credentials.json]
2023-01-09 14:55:45,499 DEBUG    urllib3.connectionpool Starting new HTTPS connection (1): cloudresourcemanager.googleapis.com:443
2023-01-09 14:55:47,599 DEBUG    urllib3.connectionpool https://cloudresourcemanager.googleapis.com:443 "POST /v1/projects/apps-ucu:testIamPermissions?alt=json HTTP/1.1" 200 None
2023-01-09 14:55:47,609 WARNING  root            
Cannot add the project "apps-ucu" to ADC as the quota project because the account in ADC does not have the "serviceusage.services.use" permission on this project. You might receive a "quota_exceeded" or "API not enabled" error. Run $ gcloud auth application-default set-quota-project to add a quota project.
2023-01-09 14:55:47,613 INFO     root            Display format: "none"
