2023-02-08 12:29:19.481 [info] Extension host with pid 7734 started
2023-02-08 12:29:19.481 [info] Skipping acquiring lock for /home/ostap/.config/Code/User/workspaceStorage/25223c6041aebeccdae20dcc9aef993f.
2023-02-08 12:29:19.715 [info] ExtensionService#_doActivateExtension vscode.emmet, startup: false, activationEvent: 'onLanguage'
2023-02-08 12:29:19.782 [info] ExtensionService#_doActivateExtension ms-python.python, startup: false, activationEvent: 'onLanguage:python', root cause: ms-python.isort
2023-02-08 12:29:20.468 [info] ExtensionService#_doActivateExtension ms-toolsai.jupyter, startup: false, activationEvent: 'onLanguage:python'
2023-02-08 12:29:21.015 [info] ExtensionService#_doActivateExtension vscode.git-base, startup: true, activationEvent: '*', root cause: vscode.git
2023-02-08 12:29:21.269 [error] Activating extension ms-python.python failed due to an error:
2023-02-08 12:29:21.269 [error] TypeError: TelemetrySender.sendEventData must be a function
	at E.validateSender (/usr/share/code/resources/app/out/vs/workbench/api/node/extensionHostProcess.js:92:38355)
	at Object.createTelemetryLogger (/usr/share/code/resources/app/out/vs/workbench/api/node/extensionHostProcess.js:117:31905)
	at new t.BaseTelemetryReporter (/home/ostap/.vscode/extensions/ms-python.python-2022.20.2/out/client/extension.js:2:1111846)
	at new h (/home/ostap/.vscode/extensions/ms-python.python-2022.20.2/out/client/extension.js:2:1116985)
	at /home/ostap/.vscode/extensions/ms-python.python-2022.20.2/out/client/extension.js:2:677577
	at c (/home/ostap/.vscode/extensions/ms-python.python-2022.20.2/out/client/extension.js:2:677653)
	at /home/ostap/.vscode/extensions/ms-python.python-2022.20.2/out/client/extension.js:2:157104
	at y.activate (/home/ostap/.vscode/extensions/ms-python.python-2022.20.2/out/client/extension.js:2:157197)
	at async /home/ostap/.vscode/extensions/ms-python.python-2022.20.2/out/client/extension.js:2:3078901
	at async e (/home/ostap/.vscode/extensions/ms-python.python-2022.20.2/out/client/extension.js:2:3078515)
	at async f.n (/usr/share/code/resources/app/out/vs/workbench/api/node/extensionHostProcess.js:94:6818)
	at async f.m (/usr/share/code/resources/app/out/vs/workbench/api/node/extensionHostProcess.js:94:6781)
	at async f.l (/usr/share/code/resources/app/out/vs/workbench/api/node/extensionHostProcess.js:94:6238)
2023-02-08 12:29:22.748 [info] ExtensionService#_doActivateExtension ms-toolsai.jupyter-renderers, startup: false, activationEvent: 'api', root cause: ms-toolsai.jupyter
2023-02-08 12:29:22.766 [info] ExtensionService#_doActivateExtension vscode.git, startup: true, activationEvent: '*'
2023-02-08 12:29:22.895 [info] ExtensionService#_doActivateExtension vscode.github, startup: true, activationEvent: '*'
2023-02-08 12:29:22.912 [info] ExtensionService#_doActivateExtension vscode.github-authentication, startup: false, activationEvent: 'onAuthenticationRequest:github'
2023-02-08 12:29:23.109 [info] Eager extensions activated
2023-02-08 12:29:23.168 [info] ExtensionService#_doActivateExtension vscode.debug-auto-launch, startup: false, activationEvent: 'onStartupFinished'
2023-02-08 12:29:23.172 [info] ExtensionService#_doActivateExtension vscode.merge-conflict, startup: false, activationEvent: 'onStartupFinished'
2023-02-08 12:29:23.249 [info] ExtensionService#_doActivateExtension vscode.microsoft-authentication, startup: false, activationEvent: 'onAuthenticationRequest:microsoft'
2023-02-08 12:29:27.725 [info] ExtensionService#_doActivateExtension vscode.html-language-features, startup: false, activationEvent: 'onLanguage:html'
2023-02-08 13:54:46.529 [info] Extension host terminating: renderer closed the MessagePort
2023-02-08 13:54:46.546 [error] Canceled: Canceled
	at Object.k [as canceled] (/usr/share/code/resources/app/out/vs/workbench/api/node/extensionHostProcess.js:7:1192)
	at /usr/share/code/resources/app/out/vs/workbench/api/node/extensionHostProcess.js:106:7891
	at Array.forEach (<anonymous>)
	at l.dispose (/usr/share/code/resources/app/out/vs/workbench/api/node/extensionHostProcess.js:106:7856)
	at f.terminate (/usr/share/code/resources/app/out/vs/workbench/api/node/extensionHostProcess.js:108:9275)
	at h.terminate (/usr/share/code/resources/app/out/vs/workbench/api/node/extensionHostProcess.js:112:1397)
	at p (/usr/share/code/resources/app/out/vs/workbench/api/node/extensionHostProcess.js:122:17851)
	at MessagePortMain.<anonymous> (/usr/share/code/resources/app/out/vs/workbench/api/node/extensionHostProcess.js:122:13990)
	at MessagePortMain.emit (node:events:526:28)
	at MessagePortMain._internalPort.emit (node:electron/js2c/utility_init:5:364) setContext undefined
2023-02-08 13:54:46.559 [info] Extension host with pid 7734 exiting with code 0
