2023-02-20 15:13:36.717 [info] Log level: Info
2023-02-20 15:13:36.717 [info] Validating found git in: "git"
2023-02-20 15:13:36.717 [info] Using git "2.34.1" from "git"
2023-02-20 15:13:36.718 [info] > git rev-parse --show-toplevel [37ms]
2023-02-20 15:13:36.718 [info] > git rev-parse --git-dir --git-common-dir [23ms]
2023-02-20 15:13:36.718 [info] Open repository: /home/ostap/Documents/2_2Semester/web/web_2
2023-02-20 15:13:36.718 [info] > git rev-parse --show-toplevel [28ms]
2023-02-20 15:13:36.718 [info] > git config --get commit.template [38ms]
2023-02-20 15:13:36.718 [info] > git rev-parse --show-toplevel [17ms]
2023-02-20 15:13:36.718 [info] > git for-each-ref --format=%(refname)%00%(upstream:short)%00%(objectname)%00%(upstream:track)%00%(upstream:remotename)%00%(upstream:remoteref) refs/heads/main refs/remotes/main [21ms]
2023-02-20 15:13:36.718 [info] > git status -z -uall [59ms]
2023-02-20 15:13:36.718 [info] > git for-each-ref --sort -committerdate --format %(refname) %(objectname) %(*objectname) [45ms]
2023-02-20 15:13:36.718 [info] > git rev-parse --show-toplevel [139ms]
2023-02-20 15:13:36.718 [info] > git for-each-ref --format=%(refname)%00%(upstream:short)%00%(objectname)%00%(upstream:track)%00%(upstream:remotename)%00%(upstream:remoteref) refs/heads/main refs/remotes/main [107ms]
2023-02-20 15:13:36.718 [info] > git config --get commit.template [136ms]
2023-02-20 15:13:36.718 [info] > git status -z -uall [26ms]
2023-02-20 15:13:36.718 [info] > git for-each-ref --sort -committerdate --format %(refname) %(objectname) %(*objectname) [21ms]
2023-02-20 15:13:36.803 [info] > git check-ignore -v -z --stdin [5ms]
2023-02-20 15:13:38.526 [info] > git show --textconv :index.html [10ms]
2023-02-20 15:13:38.527 [info] > git ls-files --stage -- /home/ostap/Documents/2_2Semester/web/web_2/index.html [3ms]
2023-02-20 15:13:38.556 [info] > git cat-file -s 2c96b9b83675b0e1005c3b6140447a5cf490dce3 [22ms]
2023-02-20 15:32:06.523 [info] > git config --get commit.template [24ms]
2023-02-20 15:32:06.526 [info] > git for-each-ref --format=%(refname)%00%(upstream:short)%00%(objectname)%00%(upstream:track)%00%(upstream:remotename)%00%(upstream:remoteref) refs/heads/main refs/remotes/main [6ms]
2023-02-20 15:32:06.551 [info] > git status -z -uall [14ms]
2023-02-20 15:32:06.556 [info] > git for-each-ref --sort -committerdate --format %(refname) %(objectname) %(*objectname) [6ms]
2023-02-20 15:33:46.863 [info] > git config --get commit.template [1ms]
2023-02-20 15:33:46.875 [info] > git for-each-ref --format=%(refname)%00%(upstream:short)%00%(objectname)%00%(upstream:track)%00%(upstream:remotename)%00%(upstream:remoteref) refs/heads/main refs/remotes/main [3ms]
2023-02-20 15:33:46.896 [info] > git status -z -uall [12ms]
2023-02-20 15:33:46.896 [info] > git for-each-ref --sort -committerdate --format %(refname) %(objectname) %(*objectname) [3ms]
2023-02-20 15:45:44.068 [info] > git config --get commit.template [16ms]
2023-02-20 15:45:44.070 [info] > git for-each-ref --format=%(refname)%00%(upstream:short)%00%(objectname)%00%(upstream:track)%00%(upstream:remotename)%00%(upstream:remoteref) refs/heads/main refs/remotes/main [4ms]
2023-02-20 15:45:44.086 [info] > git status -z -uall [9ms]
2023-02-20 15:45:44.089 [info] > git for-each-ref --sort -committerdate --format %(refname) %(objectname) %(*objectname) [4ms]
2023-02-20 15:52:05.520 [info] > git config --get commit.template [10ms]
2023-02-20 15:52:05.536 [info] > git for-each-ref --format=%(refname)%00%(upstream:short)%00%(objectname)%00%(upstream:track)%00%(upstream:remotename)%00%(upstream:remoteref) refs/heads/main refs/remotes/main [3ms]
2023-02-20 15:52:05.556 [info] > git status -z -uall [12ms]
2023-02-20 15:52:05.558 [info] > git for-each-ref --sort -committerdate --format %(refname) %(objectname) %(*objectname) [3ms]
2023-02-20 15:55:40.490 [info] > git config --get commit.template [22ms]
2023-02-20 15:55:40.492 [info] > git for-each-ref --format=%(refname)%00%(upstream:short)%00%(objectname)%00%(upstream:track)%00%(upstream:remotename)%00%(upstream:remoteref) refs/heads/main refs/remotes/main [5ms]
2023-02-20 15:55:40.512 [info] > git status -z -uall [9ms]
2023-02-20 15:55:40.514 [info] > git for-each-ref --sort -committerdate --format %(refname) %(objectname) %(*objectname) [2ms]
2023-02-20 15:56:28.931 [info] > git config --get commit.template [14ms]
2023-02-20 15:56:28.932 [info] > git for-each-ref --format=%(refname)%00%(upstream:short)%00%(objectname)%00%(upstream:track)%00%(upstream:remotename)%00%(upstream:remoteref) refs/heads/main refs/remotes/main [2ms]
2023-02-20 15:56:28.950 [info] > git status -z -uall [8ms]
2023-02-20 15:56:28.953 [info] > git for-each-ref --sort -committerdate --format %(refname) %(objectname) %(*objectname) [3ms]
2023-02-20 15:56:34.006 [info] > git config --get commit.template [24ms]
2023-02-20 15:56:34.006 [info] > git for-each-ref --format=%(refname)%00%(upstream:short)%00%(objectname)%00%(upstream:track)%00%(upstream:remotename)%00%(upstream:remoteref) refs/heads/main refs/remotes/main [4ms]
2023-02-20 15:56:34.030 [info] > git status -z -uall [11ms]
2023-02-20 15:56:34.031 [info] > git for-each-ref --sort -committerdate --format %(refname) %(objectname) %(*objectname) [3ms]
2023-02-20 15:56:40.149 [info] > git for-each-ref --format=%(refname)%00%(upstream:short)%00%(objectname)%00%(upstream:track)%00%(upstream:remotename)%00%(upstream:remoteref) refs/heads/main refs/remotes/main [3ms]
2023-02-20 15:56:40.149 [info] > git config --get commit.template [18ms]
2023-02-20 15:56:40.165 [info] > git status -z -uall [9ms]
2023-02-20 15:56:40.166 [info] > git for-each-ref --sort -committerdate --format %(refname) %(objectname) %(*objectname) [2ms]
2023-02-20 15:58:51.155 [info] > git config --get commit.template [14ms]
2023-02-20 15:58:51.168 [info] > git for-each-ref --format=%(refname)%00%(upstream:short)%00%(objectname)%00%(upstream:track)%00%(upstream:remotename)%00%(upstream:remoteref) refs/heads/main refs/remotes/main [16ms]
2023-02-20 15:58:51.192 [info] > git status -z -uall [15ms]
2023-02-20 15:58:51.194 [info] > git ls-files --stage -- /home/ostap/Documents/2_2Semester/web/web_2/index.html [28ms]
2023-02-20 15:58:51.205 [info] > git for-each-ref --sort -committerdate --format %(refname) %(objectname) %(*objectname) [13ms]
2023-02-20 15:58:51.213 [info] > git cat-file -s 7874917790fc535a9b90d6284c6fc9a47eedb3ea [10ms]
2023-02-20 15:58:51.227 [info] > git show --textconv :index.html [2ms]
2023-02-20 15:58:56.236 [info] > git config --get commit.template [4ms]
2023-02-20 15:58:56.256 [info] > git for-each-ref --format=%(refname)%00%(upstream:short)%00%(objectname)%00%(upstream:track)%00%(upstream:remotename)%00%(upstream:remoteref) refs/heads/main refs/remotes/main [5ms]
2023-02-20 15:58:56.278 [info] > git status -z -uall [11ms]
2023-02-20 15:58:56.280 [info] > git for-each-ref --sort -committerdate --format %(refname) %(objectname) %(*objectname) [3ms]
2023-02-20 16:08:48.132 [info] > git config --get commit.template [23ms]
2023-02-20 16:08:48.134 [info] > git for-each-ref --format=%(refname)%00%(upstream:short)%00%(objectname)%00%(upstream:track)%00%(upstream:remotename)%00%(upstream:remoteref) refs/heads/main refs/remotes/main [4ms]
2023-02-20 16:08:48.153 [info] > git status -z -uall [10ms]
2023-02-20 16:08:48.154 [info] > git for-each-ref --sort -committerdate --format %(refname) %(objectname) %(*objectname) [3ms]
2023-02-20 16:09:05.448 [info] > git config --get commit.template [11ms]
2023-02-20 16:09:05.449 [info] > git for-each-ref --format=%(refname)%00%(upstream:short)%00%(objectname)%00%(upstream:track)%00%(upstream:remotename)%00%(upstream:remoteref) refs/heads/main refs/remotes/main [2ms]
2023-02-20 16:09:05.467 [info] > git status -z -uall [9ms]
2023-02-20 16:09:05.468 [info] > git for-each-ref --sort -committerdate --format %(refname) %(objectname) %(*objectname) [2ms]
2023-02-20 16:09:05.493 [info] > git ls-files --stage -- /home/ostap/Documents/2_2Semester/web/web_2/index.html [3ms]
2023-02-20 16:09:05.508 [info] > git cat-file -s a13d8aec7ca53f9a62c9b745017a14a4edbbf56c [3ms]
2023-02-20 16:09:05.532 [info] > git show --textconv :index.html [2ms]
2023-02-20 16:09:10.753 [info] > git config --get commit.template [2ms]
2023-02-20 16:09:10.776 [info] > git ls-files --stage -- /home/ostap/Documents/2_2Semester/web/web_2/index.html [11ms]
2023-02-20 16:09:10.783 [info] > git for-each-ref --format=%(refname)%00%(upstream:short)%00%(objectname)%00%(upstream:track)%00%(upstream:remotename)%00%(upstream:remoteref) refs/heads/main refs/remotes/main [9ms]
2023-02-20 16:09:10.801 [info] > git status -z -uall [10ms]
2023-02-20 16:09:10.802 [info] > git cat-file -s a13d8aec7ca53f9a62c9b745017a14a4edbbf56c [20ms]
2023-02-20 16:09:10.804 [info] > git for-each-ref --sort -committerdate --format %(refname) %(objectname) %(*objectname) [3ms]
2023-02-20 16:09:10.827 [info] > git show --textconv :index.html [3ms]
2023-02-20 16:52:33.762 [info] > git config --get commit.template [4ms]
2023-02-20 16:52:33.784 [info] > git for-each-ref --format=%(refname)%00%(upstream:short)%00%(objectname)%00%(upstream:track)%00%(upstream:remotename)%00%(upstream:remoteref) refs/heads/main refs/remotes/main [5ms]
2023-02-20 16:52:33.808 [info] > git status -z -uall [11ms]
2023-02-20 16:52:33.809 [info] > git for-each-ref --sort -committerdate --format %(refname) %(objectname) %(*objectname) [2ms]
