2023-02-19 14:23:19.785 [info] Log level: Info
2023-02-19 14:23:19.785 [info] Validating found git in: "git"
2023-02-19 14:23:19.785 [info] Using git "2.34.1" from "git"
2023-02-19 14:23:19.792 [info] > git rev-parse --show-toplevel [11ms]
2023-02-19 14:23:19.944 [info] > git rev-parse --git-dir --git-common-dir [122ms]
2023-02-19 14:23:19.972 [info] Open repository: /home/ostap/Documents/2_2Semester/web/web_1
2023-02-19 14:23:20.066 [info] > git config --get commit.template [27ms]
2023-02-19 14:23:20.151 [info] > git for-each-ref --format=%(refname)%00%(upstream:short)%00%(objectname)%00%(upstream:track)%00%(upstream:remotename)%00%(upstream:remoteref) refs/heads/main refs/remotes/main [78ms]
2023-02-19 14:23:20.241 [info] > git status -z -uall [68ms]
2023-02-19 14:23:20.242 [info] > git for-each-ref --sort -committerdate --format %(refname) %(objectname) %(*objectname) [54ms]
2023-02-19 14:23:20.284 [info] > git for-each-ref --format=%(refname)%00%(upstream:short)%00%(objectname)%00%(upstream:track)%00%(upstream:remotename)%00%(upstream:remoteref) refs/heads/main refs/remotes/main [9ms]
2023-02-19 14:23:20.284 [info] > git config --get commit.template [26ms]
2023-02-19 14:23:20.298 [info] > git status -z -uall [7ms]
2023-02-19 14:23:20.303 [info] > git for-each-ref --sort -committerdate --format %(refname) %(objectname) %(*objectname) [5ms]
2023-02-19 14:23:20.484 [info] > git show --textconv :index.html [7ms]
2023-02-19 14:23:20.486 [info] > git ls-files --stage -- /home/ostap/Documents/2_2Semester/web/web_1/index.html [3ms]
2023-02-19 14:23:20.492 [info] > git cat-file -s d01f779ffe857c350a556704ae244cec10844ce0 [1ms]
2023-02-19 14:23:20.515 [info] > git check-ignore -v -z --stdin [2ms]
2023-02-19 14:24:36.411 [info] > git config --get commit.template [2ms]
2023-02-19 14:24:36.419 [info] > git for-each-ref --format=%(refname)%00%(upstream:short)%00%(objectname)%00%(upstream:track)%00%(upstream:remotename)%00%(upstream:remoteref) refs/heads/main refs/remotes/main [1ms]
2023-02-19 14:24:36.431 [info] > git status -z -uall [8ms]
2023-02-19 14:24:36.432 [info] > git for-each-ref --sort -committerdate --format %(refname) %(objectname) %(*objectname) [2ms]
2023-02-19 14:24:52.879 [info] Log level: Info
2023-02-19 14:24:52.879 [info] Validating found git in: "git"
2023-02-19 14:24:52.879 [info] Using git "2.34.1" from "git"
2023-02-19 14:24:52.879 [info] > git rev-parse --show-toplevel [3ms]
2023-02-19 14:24:52.879 [info] > git rev-parse --git-dir --git-common-dir [2ms]
2023-02-19 14:24:52.879 [info] Open repository: /home/ostap/Documents/2_2Semester/web/web_2
2023-02-19 14:24:52.879 [info] > git config --get commit.template [8ms]
2023-02-19 14:24:52.879 [info] > git for-each-ref --format=%(refname)%00%(upstream:short)%00%(objectname)%00%(upstream:track)%00%(upstream:remotename)%00%(upstream:remoteref) refs/heads/main refs/remotes/main [2ms]
2023-02-19 14:24:52.879 [info] > git status -z -uall [7ms]
2023-02-19 14:24:52.879 [info] > git for-each-ref --sort -committerdate --format %(refname) %(objectname) %(*objectname) [3ms]
2023-02-19 14:24:53.385 [info] > git check-ignore -v -z --stdin [7ms]
2023-02-19 14:25:02.289 [info] > git check-ignore -v -z --stdin [4ms]
2023-02-19 14:25:08.067 [info] > git config --get commit.template [6ms]
2023-02-19 14:25:08.089 [info] > git for-each-ref --format=%(refname)%00%(upstream:short)%00%(objectname)%00%(upstream:track)%00%(upstream:remotename)%00%(upstream:remoteref) refs/heads/main refs/remotes/main [5ms]
2023-02-19 14:25:08.128 [info] > git status -z -uall [23ms]
2023-02-19 14:25:08.133 [info] > git for-each-ref --sort -committerdate --format %(refname) %(objectname) %(*objectname) [8ms]
2023-02-19 14:25:08.330 [info] > git check-ignore -v -z --stdin [5ms]
2023-02-19 14:25:10.043 [info] > git show --textconv :index.html [7ms]
2023-02-19 14:25:10.045 [info] > git ls-files --stage -- /home/ostap/Documents/2_2Semester/web/web_2/index.html [3ms]
2023-02-19 14:25:13.178 [info] > git config --get commit.template [4ms]
2023-02-19 14:25:13.198 [info] > git for-each-ref --format=%(refname)%00%(upstream:short)%00%(objectname)%00%(upstream:track)%00%(upstream:remotename)%00%(upstream:remoteref) refs/heads/main refs/remotes/main [6ms]
2023-02-19 14:25:13.218 [info] > git status -z -uall [9ms]
2023-02-19 14:25:13.220 [info] > git for-each-ref --sort -committerdate --format %(refname) %(objectname) %(*objectname) [3ms]
2023-02-19 14:26:07.295 [info] > git config --get commit.template [2ms]
2023-02-19 14:26:07.308 [info] > git for-each-ref --format=%(refname)%00%(upstream:short)%00%(objectname)%00%(upstream:track)%00%(upstream:remotename)%00%(upstream:remoteref) refs/heads/main refs/remotes/main [3ms]
2023-02-19 14:26:07.325 [info] > git status -z -uall [8ms]
2023-02-19 14:26:07.327 [info] > git for-each-ref --sort -committerdate --format %(refname) %(objectname) %(*objectname) [3ms]
2023-02-19 14:26:21.479 [info] > git check-ignore -v -z --stdin [5ms]
2023-02-19 14:26:22.029 [info] > git config --get commit.template [1ms]
2023-02-19 14:26:22.036 [info] > git for-each-ref --format=%(refname)%00%(upstream:short)%00%(objectname)%00%(upstream:track)%00%(upstream:remotename)%00%(upstream:remoteref) refs/heads/main refs/remotes/main [2ms]
2023-02-19 14:26:22.047 [info] > git status -z -uall [6ms]
2023-02-19 14:26:22.049 [info] > git for-each-ref --sort -committerdate --format %(refname) %(objectname) %(*objectname) [2ms]
2023-02-19 14:26:23.719 [info] > git show --textconv :example/index.html [5ms]
2023-02-19 14:26:23.721 [info] > git ls-files --stage -- /home/ostap/Documents/2_2Semester/web/web_2/example/index.html [2ms]
2023-02-19 14:26:23.994 [info] > git check-ignore -v -z --stdin [7ms]
2023-02-19 14:26:27.081 [info] > git config --get commit.template [6ms]
2023-02-19 14:26:27.103 [info] > git for-each-ref --format=%(refname)%00%(upstream:short)%00%(objectname)%00%(upstream:track)%00%(upstream:remotename)%00%(upstream:remoteref) refs/heads/main refs/remotes/main [7ms]
2023-02-19 14:26:27.125 [info] > git status -z -uall [11ms]
2023-02-19 14:26:27.127 [info] > git for-each-ref --sort -committerdate --format %(refname) %(objectname) %(*objectname) [2ms]
2023-02-19 14:26:40.882 [info] > git show --textconv :index.html [20ms]
2023-02-19 14:26:40.885 [info] > git ls-files --stage -- /home/ostap/Documents/2_2Semester/web/web_2/index.html [5ms]
2023-02-19 14:26:41.703 [info] > git config --get commit.template [4ms]
2023-02-19 14:26:41.722 [info] > git for-each-ref --format=%(refname)%00%(upstream:short)%00%(objectname)%00%(upstream:track)%00%(upstream:remotename)%00%(upstream:remoteref) refs/heads/main refs/remotes/main [4ms]
2023-02-19 14:26:41.746 [info] > git status -z -uall [11ms]
2023-02-19 14:26:41.748 [info] > git for-each-ref --sort -committerdate --format %(refname) %(objectname) %(*objectname) [3ms]
2023-02-19 14:27:14.375 [info] > git config --get commit.template [4ms]
2023-02-19 14:27:14.393 [info] > git for-each-ref --format=%(refname)%00%(upstream:short)%00%(objectname)%00%(upstream:track)%00%(upstream:remotename)%00%(upstream:remoteref) refs/heads/main refs/remotes/main [4ms]
2023-02-19 14:27:14.408 [info] > git status -z -uall [8ms]
2023-02-19 14:27:14.409 [info] > git for-each-ref --sort -committerdate --format %(refname) %(objectname) %(*objectname) [2ms]
2023-02-19 14:27:54.235 [info] > git check-ignore -v -z --stdin [2ms]
2023-02-19 14:27:56.120 [info] > git config --get commit.template [11ms]
2023-02-19 14:27:56.120 [info] > git for-each-ref --format=%(refname)%00%(upstream:short)%00%(objectname)%00%(upstream:track)%00%(upstream:remotename)%00%(upstream:remoteref) refs/heads/main refs/remotes/main [2ms]
2023-02-19 14:27:56.135 [info] > git status -z -uall [8ms]
2023-02-19 14:27:56.137 [info] > git for-each-ref --sort -committerdate --format %(refname) %(objectname) %(*objectname) [4ms]
2023-02-19 14:31:28.622 [info] > git check-ignore -v -z --stdin [6ms]
2023-02-19 14:31:51.076 [info] > git check-ignore -v -z --stdin [5ms]
2023-02-19 14:31:51.649 [info] > git config --get commit.template [3ms]
2023-02-19 14:31:51.658 [info] > git for-each-ref --format=%(refname)%00%(upstream:short)%00%(objectname)%00%(upstream:track)%00%(upstream:remotename)%00%(upstream:remoteref) refs/heads/main refs/remotes/main [2ms]
2023-02-19 14:31:51.674 [info] > git status -z -uall [9ms]
2023-02-19 14:31:51.675 [info] > git for-each-ref --sort -committerdate --format %(refname) %(objectname) %(*objectname) [2ms]
2023-02-19 14:36:11.441 [info] > git config --get commit.template [12ms]
2023-02-19 14:36:11.443 [info] > git for-each-ref --format=%(refname)%00%(upstream:short)%00%(objectname)%00%(upstream:track)%00%(upstream:remotename)%00%(upstream:remoteref) refs/heads/main refs/remotes/main [3ms]
2023-02-19 14:36:11.460 [info] > git status -z -uall [8ms]
2023-02-19 14:36:11.464 [info] > git for-each-ref --sort -committerdate --format %(refname) %(objectname) %(*objectname) [4ms]
2023-02-19 14:37:53.108 [info] > git config --get commit.template [6ms]
2023-02-19 14:37:53.139 [info] > git for-each-ref --format=%(refname)%00%(upstream:short)%00%(objectname)%00%(upstream:track)%00%(upstream:remotename)%00%(upstream:remoteref) refs/heads/main refs/remotes/main [13ms]
2023-02-19 14:37:53.175 [info] > git status -z -uall [28ms]
2023-02-19 14:37:53.177 [info] > git for-each-ref --sort -committerdate --format %(refname) %(objectname) %(*objectname) [3ms]
2023-02-19 14:40:49.025 [info] > git config --get commit.template [12ms]
2023-02-19 14:40:49.026 [info] > git for-each-ref --format=%(refname)%00%(upstream:short)%00%(objectname)%00%(upstream:track)%00%(upstream:remotename)%00%(upstream:remoteref) refs/heads/main refs/remotes/main [2ms]
2023-02-19 14:40:49.040 [info] > git status -z -uall [7ms]
2023-02-19 14:40:49.041 [info] > git for-each-ref --sort -committerdate --format %(refname) %(objectname) %(*objectname) [2ms]
2023-02-19 14:41:14.423 [info] > git config --get commit.template [7ms]
2023-02-19 14:41:14.441 [info] > git for-each-ref --format=%(refname)%00%(upstream:short)%00%(objectname)%00%(upstream:track)%00%(upstream:remotename)%00%(upstream:remoteref) refs/heads/main refs/remotes/main [8ms]
2023-02-19 14:41:14.455 [info] > git status -z -uall [8ms]
2023-02-19 14:41:14.457 [info] > git for-each-ref --sort -committerdate --format %(refname) %(objectname) %(*objectname) [1ms]
2023-02-19 14:44:18.900 [info] > git config --get commit.template [4ms]
2023-02-19 14:44:18.925 [info] > git for-each-ref --format=%(refname)%00%(upstream:short)%00%(objectname)%00%(upstream:track)%00%(upstream:remotename)%00%(upstream:remoteref) refs/heads/main refs/remotes/main [3ms]
2023-02-19 14:44:18.943 [info] > git status -z -uall [9ms]
2023-02-19 14:44:18.944 [info] > git for-each-ref --sort -committerdate --format %(refname) %(objectname) %(*objectname) [2ms]
2023-02-19 14:44:44.929 [info] > git config --get commit.template [29ms]
2023-02-19 14:44:44.933 [info] > git for-each-ref --format=%(refname)%00%(upstream:short)%00%(objectname)%00%(upstream:track)%00%(upstream:remotename)%00%(upstream:remoteref) refs/heads/main refs/remotes/main [6ms]
2023-02-19 14:44:44.951 [info] > git status -z -uall [9ms]
2023-02-19 14:44:44.953 [info] > git for-each-ref --sort -committerdate --format %(refname) %(objectname) %(*objectname) [1ms]
2023-02-19 14:54:29.118 [info] > git for-each-ref --format=%(refname)%00%(upstream:short)%00%(objectname)%00%(upstream:track)%00%(upstream:remotename)%00%(upstream:remoteref) refs/heads/main refs/remotes/main [4ms]
2023-02-19 14:54:29.118 [info] > git config --get commit.template [19ms]
2023-02-19 14:54:29.134 [info] > git status -z -uall [8ms]
2023-02-19 14:54:29.135 [info] > git for-each-ref --sort -committerdate --format %(refname) %(objectname) %(*objectname) [2ms]
2023-02-19 14:56:15.181 [info] > git config --get commit.template [12ms]
2023-02-19 14:56:15.217 [info] > git for-each-ref --format=%(refname)%00%(upstream:short)%00%(objectname)%00%(upstream:track)%00%(upstream:remotename)%00%(upstream:remoteref) refs/heads/main refs/remotes/main [7ms]
2023-02-19 14:56:15.250 [info] > git status -z -uall [19ms]
2023-02-19 14:56:15.252 [info] > git for-each-ref --sort -committerdate --format %(refname) %(objectname) %(*objectname) [4ms]
2023-02-19 14:56:29.574 [info] > git config --get commit.template [11ms]
2023-02-19 14:56:29.575 [info] > git for-each-ref --format=%(refname)%00%(upstream:short)%00%(objectname)%00%(upstream:track)%00%(upstream:remotename)%00%(upstream:remoteref) refs/heads/main refs/remotes/main [3ms]
2023-02-19 14:56:29.592 [info] > git status -z -uall [8ms]
2023-02-19 14:56:29.595 [info] > git for-each-ref --sort -committerdate --format %(refname) %(objectname) %(*objectname) [4ms]
2023-02-19 14:58:42.135 [info] > git config --get commit.template [15ms]
2023-02-19 14:58:42.137 [info] > git for-each-ref --format=%(refname)%00%(upstream:short)%00%(objectname)%00%(upstream:track)%00%(upstream:remotename)%00%(upstream:remoteref) refs/heads/main refs/remotes/main [3ms]
2023-02-19 14:58:42.155 [info] > git status -z -uall [9ms]
2023-02-19 14:58:42.157 [info] > git for-each-ref --sort -committerdate --format %(refname) %(objectname) %(*objectname) [3ms]
2023-02-19 15:33:57.655 [info] > git check-ignore -v -z --stdin [1ms]
2023-02-19 15:34:22.349 [info] > git check-ignore -v -z --stdin [3ms]
2023-02-19 15:34:22.696 [info] > git config --get commit.template [5ms]
2023-02-19 15:34:22.718 [info] > git for-each-ref --format=%(refname)%00%(upstream:short)%00%(objectname)%00%(upstream:track)%00%(upstream:remotename)%00%(upstream:remoteref) refs/heads/main refs/remotes/main [4ms]
2023-02-19 15:34:22.744 [info] > git status -z -uall [14ms]
2023-02-19 15:34:22.746 [info] > git for-each-ref --sort -committerdate --format %(refname) %(objectname) %(*objectname) [3ms]
2023-02-19 15:34:58.880 [info] > git config --get commit.template [5ms]
2023-02-19 15:34:58.901 [info] > git for-each-ref --format=%(refname)%00%(upstream:short)%00%(objectname)%00%(upstream:track)%00%(upstream:remotename)%00%(upstream:remoteref) refs/heads/main refs/remotes/main [5ms]
2023-02-19 15:34:58.925 [info] > git status -z -uall [13ms]
2023-02-19 15:34:58.927 [info] > git for-each-ref --sort -committerdate --format %(refname) %(objectname) %(*objectname) [4ms]
2023-02-19 15:35:06.894 [info] > git config --get commit.template [7ms]
2023-02-19 15:35:06.919 [info] > git for-each-ref --format=%(refname)%00%(upstream:short)%00%(objectname)%00%(upstream:track)%00%(upstream:remotename)%00%(upstream:remoteref) refs/heads/main refs/remotes/main [3ms]
2023-02-19 15:35:06.937 [info] > git status -z -uall [8ms]
2023-02-19 15:35:06.938 [info] > git for-each-ref --sort -committerdate --format %(refname) %(objectname) %(*objectname) [3ms]
2023-02-19 15:36:17.853 [info] > git check-ignore -v -z --stdin [4ms]
2023-02-19 15:36:18.737 [info] > git config --get commit.template [45ms]
2023-02-19 15:36:18.741 [info] > git for-each-ref --format=%(refname)%00%(upstream:short)%00%(objectname)%00%(upstream:track)%00%(upstream:remotename)%00%(upstream:remoteref) refs/heads/main refs/remotes/main [5ms]
2023-02-19 15:36:18.767 [info] > git status -z -uall [10ms]
2023-02-19 15:36:18.771 [info] > git for-each-ref --sort -committerdate --format %(refname) %(objectname) %(*objectname) [5ms]
2023-02-19 15:46:07.463 [info] > git check-ignore -v -z --stdin [3ms]
2023-02-19 15:46:22.012 [info] > git check-ignore -v -z --stdin [2ms]
2023-02-19 15:46:46.500 [info] > git check-ignore -v -z --stdin [3ms]
2023-02-19 15:46:46.802 [info] > git config --get commit.template [2ms]
2023-02-19 15:46:46.814 [info] > git for-each-ref --format=%(refname)%00%(upstream:short)%00%(objectname)%00%(upstream:track)%00%(upstream:remotename)%00%(upstream:remoteref) refs/heads/main refs/remotes/main [2ms]
2023-02-19 15:46:46.832 [info] > git status -z -uall [10ms]
2023-02-19 15:46:46.834 [info] > git for-each-ref --sort -committerdate --format %(refname) %(objectname) %(*objectname) [3ms]
2023-02-19 15:46:51.856 [info] > git config --get commit.template [7ms]
2023-02-19 15:46:51.857 [info] > git for-each-ref --format=%(refname)%00%(upstream:short)%00%(objectname)%00%(upstream:track)%00%(upstream:remotename)%00%(upstream:remoteref) refs/heads/main refs/remotes/main [2ms]
2023-02-19 15:46:51.873 [info] > git status -z -uall [11ms]
2023-02-19 15:46:51.875 [info] > git for-each-ref --sort -committerdate --format %(refname) %(objectname) %(*objectname) [3ms]
2023-02-19 15:49:32.073 [info] > git config --get commit.template [8ms]
2023-02-19 15:49:32.074 [info] > git for-each-ref --format=%(refname)%00%(upstream:short)%00%(objectname)%00%(upstream:track)%00%(upstream:remotename)%00%(upstream:remoteref) refs/heads/main refs/remotes/main [2ms]
2023-02-19 15:49:32.085 [info] > git status -z -uall [6ms]
2023-02-19 15:49:32.086 [info] > git for-each-ref --sort -committerdate --format %(refname) %(objectname) %(*objectname) [1ms]
2023-02-19 15:49:59.495 [info] > git config --get commit.template [22ms]
2023-02-19 15:49:59.498 [info] > git for-each-ref --format=%(refname)%00%(upstream:short)%00%(objectname)%00%(upstream:track)%00%(upstream:remotename)%00%(upstream:remoteref) refs/heads/main refs/remotes/main [5ms]
2023-02-19 15:49:59.537 [info] > git status -z -uall [21ms]
2023-02-19 15:49:59.540 [info] > git for-each-ref --sort -committerdate --format %(refname) %(objectname) %(*objectname) [5ms]
2023-02-19 15:50:22.238 [info] > git config --get commit.template [8ms]
2023-02-19 15:50:22.238 [info] > git for-each-ref --format=%(refname)%00%(upstream:short)%00%(objectname)%00%(upstream:track)%00%(upstream:remotename)%00%(upstream:remoteref) refs/heads/main refs/remotes/main [1ms]
2023-02-19 15:50:22.255 [info] > git status -z -uall [6ms]
2023-02-19 15:50:22.262 [info] > git for-each-ref --sort -committerdate --format %(refname) %(objectname) %(*objectname) [7ms]
2023-02-19 15:52:59.636 [info] > git config --get commit.template [13ms]
2023-02-19 15:52:59.638 [info] > git for-each-ref --format=%(refname)%00%(upstream:short)%00%(objectname)%00%(upstream:track)%00%(upstream:remotename)%00%(upstream:remoteref) refs/heads/main refs/remotes/main [3ms]
2023-02-19 15:52:59.652 [info] > git status -z -uall [7ms]
2023-02-19 15:52:59.654 [info] > git for-each-ref --sort -committerdate --format %(refname) %(objectname) %(*objectname) [3ms]
2023-02-19 15:53:04.664 [info] > git config --get commit.template [2ms]
2023-02-19 15:53:04.671 [info] > git for-each-ref --format=%(refname)%00%(upstream:short)%00%(objectname)%00%(upstream:track)%00%(upstream:remotename)%00%(upstream:remoteref) refs/heads/main refs/remotes/main [1ms]
2023-02-19 15:53:04.681 [info] > git status -z -uall [6ms]
2023-02-19 15:53:04.682 [info] > git for-each-ref --sort -committerdate --format %(refname) %(objectname) %(*objectname) [1ms]
2023-02-19 15:54:16.348 [info] > git check-ignore -v -z --stdin [7ms]
2023-02-19 15:55:13.644 [info] > git config --get commit.template [26ms]
2023-02-19 15:55:13.646 [info] > git for-each-ref --format=%(refname)%00%(upstream:short)%00%(objectname)%00%(upstream:track)%00%(upstream:remotename)%00%(upstream:remoteref) refs/heads/main refs/remotes/main [7ms]
2023-02-19 15:55:13.668 [info] > git status -z -uall [12ms]
2023-02-19 15:55:13.669 [info] > git for-each-ref --sort -committerdate --format %(refname) %(objectname) %(*objectname) [2ms]
2023-02-19 15:55:34.612 [info] > git check-ignore -v -z --stdin [1ms]
2023-02-19 15:55:42.725 [info] > git config --get commit.template [13ms]
2023-02-19 15:55:42.726 [info] > git for-each-ref --format=%(refname)%00%(upstream:short)%00%(objectname)%00%(upstream:track)%00%(upstream:remotename)%00%(upstream:remoteref) refs/heads/main refs/remotes/main [2ms]
2023-02-19 15:55:42.748 [info] > git status -z -uall [9ms]
2023-02-19 15:55:42.750 [info] > git for-each-ref --sort -committerdate --format %(refname) %(objectname) %(*objectname) [3ms]
2023-02-19 15:57:03.227 [info] > git check-ignore -v -z --stdin [1ms]
2023-02-19 15:57:03.327 [info] > git config --get commit.template [7ms]
2023-02-19 15:57:03.329 [info] > git for-each-ref --format=%(refname)%00%(upstream:short)%00%(objectname)%00%(upstream:track)%00%(upstream:remotename)%00%(upstream:remoteref) refs/heads/main refs/remotes/main [3ms]
2023-02-19 15:57:03.350 [info] > git status -z -uall [10ms]
2023-02-19 15:57:03.351 [info] > git for-each-ref --sort -committerdate --format %(refname) %(objectname) %(*objectname) [3ms]
2023-02-19 15:57:09.826 [info] > git config --get commit.template [7ms]
2023-02-19 15:57:09.852 [info] > git for-each-ref --format=%(refname)%00%(upstream:short)%00%(objectname)%00%(upstream:track)%00%(upstream:remotename)%00%(upstream:remoteref) refs/heads/main refs/remotes/main [8ms]
2023-02-19 15:57:09.901 [info] > git status -z -uall [25ms]
2023-02-19 15:57:09.908 [info] > git for-each-ref --sort -committerdate --format %(refname) %(objectname) %(*objectname) [9ms]
2023-02-19 15:57:14.961 [info] > git config --get commit.template [24ms]
2023-02-19 15:57:14.963 [info] > git for-each-ref --format=%(refname)%00%(upstream:short)%00%(objectname)%00%(upstream:track)%00%(upstream:remotename)%00%(upstream:remoteref) refs/heads/main refs/remotes/main [4ms]
2023-02-19 15:57:14.980 [info] > git status -z -uall [9ms]
2023-02-19 15:57:14.981 [info] > git for-each-ref --sort -committerdate --format %(refname) %(objectname) %(*objectname) [3ms]
2023-02-19 15:57:33.232 [info] > git config --get commit.template [9ms]
2023-02-19 15:57:33.233 [info] > git for-each-ref --format=%(refname)%00%(upstream:short)%00%(objectname)%00%(upstream:track)%00%(upstream:remotename)%00%(upstream:remoteref) refs/heads/main refs/remotes/main [2ms]
2023-02-19 15:57:33.247 [info] > git status -z -uall [8ms]
2023-02-19 15:57:33.248 [info] > git for-each-ref --sort -committerdate --format %(refname) %(objectname) %(*objectname) [2ms]
2023-02-19 16:07:48.997 [info] > git check-ignore -v -z --stdin [5ms]
2023-02-19 16:07:49.210 [info] > git config --get commit.template [8ms]
2023-02-19 16:07:49.237 [info] > git for-each-ref --format=%(refname)%00%(upstream:short)%00%(objectname)%00%(upstream:track)%00%(upstream:remotename)%00%(upstream:remoteref) refs/heads/main refs/remotes/main [8ms]
2023-02-19 16:07:49.268 [info] > git status -z -uall [13ms]
2023-02-19 16:07:49.272 [info] > git for-each-ref --sort -committerdate --format %(refname) %(objectname) %(*objectname) [6ms]
2023-02-19 16:08:13.908 [info] > git config --get commit.template [8ms]
2023-02-19 16:08:13.909 [info] > git for-each-ref --format=%(refname)%00%(upstream:short)%00%(objectname)%00%(upstream:track)%00%(upstream:remotename)%00%(upstream:remoteref) refs/heads/main refs/remotes/main [2ms]
2023-02-19 16:08:13.922 [info] > git status -z -uall [8ms]
2023-02-19 16:08:13.925 [info] > git for-each-ref --sort -committerdate --format %(refname) %(objectname) %(*objectname) [4ms]
2023-02-19 16:09:20.653 [info] > git config --get commit.template [1ms]
2023-02-19 16:09:20.664 [info] > git for-each-ref --format=%(refname)%00%(upstream:short)%00%(objectname)%00%(upstream:track)%00%(upstream:remotename)%00%(upstream:remoteref) refs/heads/main refs/remotes/main [3ms]
2023-02-19 16:09:20.679 [info] > git status -z -uall [8ms]
2023-02-19 16:09:20.680 [info] > git for-each-ref --sort -committerdate --format %(refname) %(objectname) %(*objectname) [2ms]
2023-02-19 16:09:21.205 [info] > git check-ignore -v -z --stdin [3ms]
2023-02-19 16:09:25.729 [info] > git config --get commit.template [24ms]
2023-02-19 16:09:25.732 [info] > git for-each-ref --format=%(refname)%00%(upstream:short)%00%(objectname)%00%(upstream:track)%00%(upstream:remotename)%00%(upstream:remoteref) refs/heads/main refs/remotes/main [5ms]
2023-02-19 16:09:25.751 [info] > git status -z -uall [8ms]
2023-02-19 16:09:25.753 [info] > git for-each-ref --sort -committerdate --format %(refname) %(objectname) %(*objectname) [2ms]
2023-02-19 16:09:58.060 [info] > git config --get commit.template [15ms]
2023-02-19 16:09:58.062 [info] > git for-each-ref --format=%(refname)%00%(upstream:short)%00%(objectname)%00%(upstream:track)%00%(upstream:remotename)%00%(upstream:remoteref) refs/heads/main refs/remotes/main [5ms]
2023-02-19 16:09:58.087 [info] > git status -z -uall [14ms]
2023-02-19 16:09:58.089 [info] > git for-each-ref --sort -committerdate --format %(refname) %(objectname) %(*objectname) [3ms]
2023-02-19 16:10:35.170 [info] > git config --get commit.template [28ms]
2023-02-19 16:10:35.173 [info] > git for-each-ref --format=%(refname)%00%(upstream:short)%00%(objectname)%00%(upstream:track)%00%(upstream:remotename)%00%(upstream:remoteref) refs/heads/main refs/remotes/main [4ms]
2023-02-19 16:10:35.195 [info] > git status -z -uall [11ms]
2023-02-19 16:10:35.196 [info] > git for-each-ref --sort -committerdate --format %(refname) %(objectname) %(*objectname) [2ms]
2023-02-19 16:11:17.496 [info] > git config --get commit.template [11ms]
2023-02-19 16:11:17.501 [info] > git for-each-ref --format=%(refname)%00%(upstream:short)%00%(objectname)%00%(upstream:track)%00%(upstream:remotename)%00%(upstream:remoteref) refs/heads/main refs/remotes/main [6ms]
2023-02-19 16:11:17.520 [info] > git status -z -uall [11ms]
2023-02-19 16:11:17.524 [info] > git for-each-ref --sort -committerdate --format %(refname) %(objectname) %(*objectname) [4ms]
2023-02-19 16:13:28.165 [info] > git config --get commit.template [2ms]
2023-02-19 16:13:28.174 [info] > git for-each-ref --format=%(refname)%00%(upstream:short)%00%(objectname)%00%(upstream:track)%00%(upstream:remotename)%00%(upstream:remoteref) refs/heads/main refs/remotes/main [3ms]
2023-02-19 16:13:28.187 [info] > git status -z -uall [7ms]
2023-02-19 16:13:28.189 [info] > git for-each-ref --sort -committerdate --format %(refname) %(objectname) %(*objectname) [2ms]
2023-02-19 16:18:04.793 [info] > git config --get commit.template [13ms]
2023-02-19 16:18:04.795 [info] > git for-each-ref --format=%(refname)%00%(upstream:short)%00%(objectname)%00%(upstream:track)%00%(upstream:remotename)%00%(upstream:remoteref) refs/heads/main refs/remotes/main [3ms]
2023-02-19 16:18:04.808 [info] > git status -z -uall [7ms]
2023-02-19 16:18:04.809 [info] > git for-each-ref --sort -committerdate --format %(refname) %(objectname) %(*objectname) [2ms]
2023-02-19 16:19:25.871 [info] > git config --get commit.template [17ms]
2023-02-19 16:19:25.872 [info] > git for-each-ref --format=%(refname)%00%(upstream:short)%00%(objectname)%00%(upstream:track)%00%(upstream:remotename)%00%(upstream:remoteref) refs/heads/main refs/remotes/main [3ms]
2023-02-19 16:19:25.889 [info] > git status -z -uall [8ms]
2023-02-19 16:19:25.890 [info] > git for-each-ref --sort -committerdate --format %(refname) %(objectname) %(*objectname) [2ms]
2023-02-19 16:19:54.231 [info] > git config --get commit.template [2ms]
2023-02-19 16:19:54.241 [info] > git for-each-ref --format=%(refname)%00%(upstream:short)%00%(objectname)%00%(upstream:track)%00%(upstream:remotename)%00%(upstream:remoteref) refs/heads/main refs/remotes/main [2ms]
2023-02-19 16:19:54.257 [info] > git status -z -uall [9ms]
2023-02-19 16:19:54.258 [info] > git for-each-ref --sort -committerdate --format %(refname) %(objectname) %(*objectname) [3ms]
2023-02-19 16:27:57.847 [info] > git config --get commit.template [19ms]
2023-02-19 16:27:57.849 [info] > git for-each-ref --format=%(refname)%00%(upstream:short)%00%(objectname)%00%(upstream:track)%00%(upstream:remotename)%00%(upstream:remoteref) refs/heads/main refs/remotes/main [4ms]
2023-02-19 16:27:57.870 [info] > git status -z -uall [10ms]
2023-02-19 16:27:57.873 [info] > git for-each-ref --sort -committerdate --format %(refname) %(objectname) %(*objectname) [4ms]
2023-02-19 16:37:24.363 [info] > git check-ignore -v -z --stdin [4ms]
2023-02-19 16:37:24.643 [info] > git config --get commit.template [6ms]
2023-02-19 16:37:24.668 [info] > git for-each-ref --format=%(refname)%00%(upstream:short)%00%(objectname)%00%(upstream:track)%00%(upstream:remotename)%00%(upstream:remoteref) refs/heads/main refs/remotes/main [5ms]
2023-02-19 16:37:24.708 [info] > git status -z -uall [16ms]
2023-02-19 16:37:24.711 [info] > git for-each-ref --sort -committerdate --format %(refname) %(objectname) %(*objectname) [4ms]
2023-02-19 17:13:24.312 [info] > git config --get commit.template [37ms]
2023-02-19 17:13:24.323 [info] > git for-each-ref --format=%(refname)%00%(upstream:short)%00%(objectname)%00%(upstream:track)%00%(upstream:remotename)%00%(upstream:remoteref) refs/heads/main refs/remotes/main [15ms]
2023-02-19 17:13:24.367 [info] > git status -z -uall [17ms]
2023-02-19 17:13:24.369 [info] > git for-each-ref --sort -committerdate --format %(refname) %(objectname) %(*objectname) [3ms]
2023-02-19 17:13:42.763 [info] > git config --get commit.template [40ms]
2023-02-19 17:13:42.771 [info] > git for-each-ref --format=%(refname)%00%(upstream:short)%00%(objectname)%00%(upstream:track)%00%(upstream:remotename)%00%(upstream:remoteref) refs/heads/main refs/remotes/main [10ms]
2023-02-19 17:13:42.799 [info] > git status -z -uall [10ms]
2023-02-19 17:13:42.801 [info] > git for-each-ref --sort -committerdate --format %(refname) %(objectname) %(*objectname) [2ms]
2023-02-19 17:13:58.731 [info] > git config --get commit.template [14ms]
2023-02-19 17:13:58.735 [info] > git for-each-ref --format=%(refname)%00%(upstream:short)%00%(objectname)%00%(upstream:track)%00%(upstream:remotename)%00%(upstream:remoteref) refs/heads/main refs/remotes/main [5ms]
2023-02-19 17:13:58.764 [info] > git status -z -uall [18ms]
2023-02-19 17:13:58.764 [info] > git for-each-ref --sort -committerdate --format %(refname) %(objectname) %(*objectname) [2ms]
2023-02-19 17:14:23.106 [info] > git config --get commit.template [25ms]
2023-02-19 17:14:23.108 [info] > git for-each-ref --format=%(refname)%00%(upstream:short)%00%(objectname)%00%(upstream:track)%00%(upstream:remotename)%00%(upstream:remoteref) refs/heads/main refs/remotes/main [3ms]
2023-02-19 17:14:23.125 [info] > git status -z -uall [9ms]
2023-02-19 17:14:23.126 [info] > git for-each-ref --sort -committerdate --format %(refname) %(objectname) %(*objectname) [2ms]
2023-02-19 17:16:07.421 [info] > git check-ignore -v -z --stdin [2ms]
2023-02-19 17:16:15.573 [info] > git check-ignore -v -z --stdin [3ms]
2023-02-19 17:16:17.530 [info] > git config --get commit.template [12ms]
2023-02-19 17:16:17.533 [info] > git for-each-ref --format=%(refname)%00%(upstream:short)%00%(objectname)%00%(upstream:track)%00%(upstream:remotename)%00%(upstream:remoteref) refs/heads/main refs/remotes/main [4ms]
2023-02-19 17:16:17.555 [info] > git status -z -uall [13ms]
2023-02-19 17:16:17.555 [info] > git for-each-ref --sort -committerdate --format %(refname) %(objectname) %(*objectname) [2ms]
2023-02-19 17:16:22.599 [info] > git config --get commit.template [20ms]
2023-02-19 17:16:22.601 [info] > git for-each-ref --format=%(refname)%00%(upstream:short)%00%(objectname)%00%(upstream:track)%00%(upstream:remotename)%00%(upstream:remoteref) refs/heads/main refs/remotes/main [3ms]
2023-02-19 17:16:22.624 [info] > git status -z -uall [11ms]
2023-02-19 17:16:22.627 [info] > git for-each-ref --sort -committerdate --format %(refname) %(objectname) %(*objectname) [4ms]
2023-02-19 17:16:45.133 [info] > git config --get commit.template [5ms]
2023-02-19 17:16:45.161 [info] > git for-each-ref --format=%(refname)%00%(upstream:short)%00%(objectname)%00%(upstream:track)%00%(upstream:remotename)%00%(upstream:remoteref) refs/heads/main refs/remotes/main [9ms]
2023-02-19 17:16:45.197 [info] > git status -z -uall [10ms]
2023-02-19 17:16:45.199 [info] > git for-each-ref --sort -committerdate --format %(refname) %(objectname) %(*objectname) [3ms]
2023-02-19 17:17:01.085 [info] > git config --get commit.template [7ms]
2023-02-19 17:17:01.086 [info] > git for-each-ref --format=%(refname)%00%(upstream:short)%00%(objectname)%00%(upstream:track)%00%(upstream:remotename)%00%(upstream:remoteref) refs/heads/main refs/remotes/main [1ms]
2023-02-19 17:17:01.102 [info] > git status -z -uall [10ms]
2023-02-19 17:17:01.103 [info] > git for-each-ref --sort -committerdate --format %(refname) %(objectname) %(*objectname) [2ms]
2023-02-19 17:17:06.139 [info] > git config --get commit.template [7ms]
2023-02-19 17:17:06.165 [info] > git for-each-ref --format=%(refname)%00%(upstream:short)%00%(objectname)%00%(upstream:track)%00%(upstream:remotename)%00%(upstream:remoteref) refs/heads/main refs/remotes/main [4ms]
2023-02-19 17:17:06.186 [info] > git status -z -uall [10ms]
2023-02-19 17:17:06.187 [info] > git for-each-ref --sort -committerdate --format %(refname) %(objectname) %(*objectname) [3ms]
2023-02-19 17:17:29.312 [info] > git for-each-ref --format=%(refname)%00%(upstream:short)%00%(objectname)%00%(upstream:track)%00%(upstream:remotename)%00%(upstream:remoteref) refs/heads/main refs/remotes/main [3ms]
2023-02-19 17:17:29.313 [info] > git config --get commit.template [62ms]
2023-02-19 17:17:29.338 [info] > git status -z -uall [16ms]
2023-02-19 17:17:29.338 [info] > git for-each-ref --sort -committerdate --format %(refname) %(objectname) %(*objectname) [3ms]
2023-02-19 17:18:10.239 [info] > git config --get commit.template [2ms]
2023-02-19 17:18:10.250 [info] > git for-each-ref --format=%(refname)%00%(upstream:short)%00%(objectname)%00%(upstream:track)%00%(upstream:remotename)%00%(upstream:remoteref) refs/heads/main refs/remotes/main [2ms]
2023-02-19 17:18:10.270 [info] > git status -z -uall [11ms]
2023-02-19 17:18:10.274 [info] > git for-each-ref --sort -committerdate --format %(refname) %(objectname) %(*objectname) [4ms]
2023-02-19 17:19:19.882 [info] > git config --get commit.template [10ms]
2023-02-19 17:19:19.884 [info] > git for-each-ref --format=%(refname)%00%(upstream:short)%00%(objectname)%00%(upstream:track)%00%(upstream:remotename)%00%(upstream:remoteref) refs/heads/main refs/remotes/main [3ms]
2023-02-19 17:19:19.903 [info] > git status -z -uall [10ms]
2023-02-19 17:19:19.904 [info] > git for-each-ref --sort -committerdate --format %(refname) %(objectname) %(*objectname) [3ms]
2023-02-19 17:25:06.148 [info] > git config --get commit.template [11ms]
2023-02-19 17:25:06.149 [info] > git for-each-ref --format=%(refname)%00%(upstream:short)%00%(objectname)%00%(upstream:track)%00%(upstream:remotename)%00%(upstream:remoteref) refs/heads/main refs/remotes/main [2ms]
2023-02-19 17:25:06.166 [info] > git status -z -uall [10ms]
2023-02-19 17:25:06.167 [info] > git for-each-ref --sort -committerdate --format %(refname) %(objectname) %(*objectname) [2ms]
2023-02-19 17:25:12.707 [info] > git config --get commit.template [12ms]
2023-02-19 17:25:12.708 [info] > git for-each-ref --format=%(refname)%00%(upstream:short)%00%(objectname)%00%(upstream:track)%00%(upstream:remotename)%00%(upstream:remoteref) refs/heads/main refs/remotes/main [2ms]
2023-02-19 17:25:12.726 [info] > git status -z -uall [10ms]
2023-02-19 17:25:12.728 [info] > git for-each-ref --sort -committerdate --format %(refname) %(objectname) %(*objectname) [3ms]
2023-02-19 17:28:38.194 [info] > git config --get commit.template [38ms]
2023-02-19 17:28:38.200 [info] > git for-each-ref --format=%(refname)%00%(upstream:short)%00%(objectname)%00%(upstream:track)%00%(upstream:remotename)%00%(upstream:remoteref) refs/heads/main refs/remotes/main [10ms]
2023-02-19 17:28:38.227 [info] > git status -z -uall [9ms]
2023-02-19 17:28:38.230 [info] > git for-each-ref --sort -committerdate --format %(refname) %(objectname) %(*objectname) [4ms]
2023-02-19 17:32:00.080 [info] > git check-ignore -v -z --stdin [3ms]
2023-02-19 17:32:00.323 [info] > git config --get commit.template [5ms]
2023-02-19 17:32:00.338 [info] > git for-each-ref --format=%(refname)%00%(upstream:short)%00%(objectname)%00%(upstream:track)%00%(upstream:remotename)%00%(upstream:remoteref) refs/heads/main refs/remotes/main [3ms]
2023-02-19 17:32:00.360 [info] > git status -z -uall [11ms]
2023-02-19 17:32:00.360 [info] > git for-each-ref --sort -committerdate --format %(refname) %(objectname) %(*objectname) [1ms]
2023-02-19 17:34:42.639 [info] > git config --get commit.template [17ms]
2023-02-19 17:34:42.640 [info] > git for-each-ref --format=%(refname)%00%(upstream:short)%00%(objectname)%00%(upstream:track)%00%(upstream:remotename)%00%(upstream:remoteref) refs/heads/main refs/remotes/main [3ms]
2023-02-19 17:34:42.657 [info] > git status -z -uall [9ms]
2023-02-19 17:34:42.658 [info] > git for-each-ref --sort -committerdate --format %(refname) %(objectname) %(*objectname) [2ms]
2023-02-19 17:34:59.742 [info] > git config --get commit.template [19ms]
2023-02-19 17:34:59.744 [info] > git for-each-ref --format=%(refname)%00%(upstream:short)%00%(objectname)%00%(upstream:track)%00%(upstream:remotename)%00%(upstream:remoteref) refs/heads/main refs/remotes/main [4ms]
2023-02-19 17:34:59.762 [info] > git status -z -uall [8ms]
2023-02-19 17:34:59.763 [info] > git for-each-ref --sort -committerdate --format %(refname) %(objectname) %(*objectname) [2ms]
2023-02-19 17:36:20.015 [info] > git config --get commit.template [4ms]
2023-02-19 17:36:20.037 [info] > git for-each-ref --format=%(refname)%00%(upstream:short)%00%(objectname)%00%(upstream:track)%00%(upstream:remotename)%00%(upstream:remoteref) refs/heads/main refs/remotes/main [6ms]
2023-02-19 17:36:20.074 [info] > git status -z -uall [20ms]
2023-02-19 17:36:20.076 [info] > git for-each-ref --sort -committerdate --format %(refname) %(objectname) %(*objectname) [4ms]
2023-02-19 17:37:18.938 [info] > git config --get commit.template [8ms]
2023-02-19 17:37:18.939 [info] > git for-each-ref --format=%(refname)%00%(upstream:short)%00%(objectname)%00%(upstream:track)%00%(upstream:remotename)%00%(upstream:remoteref) refs/heads/main refs/remotes/main [2ms]
2023-02-19 17:37:18.954 [info] > git status -z -uall [8ms]
2023-02-19 17:37:18.955 [info] > git for-each-ref --sort -committerdate --format %(refname) %(objectname) %(*objectname) [2ms]
2023-02-19 17:37:28.917 [info] > git for-each-ref --format=%(refname)%00%(upstream:short)%00%(objectname)%00%(upstream:track)%00%(upstream:remotename)%00%(upstream:remoteref) refs/heads/main refs/remotes/main [6ms]
2023-02-19 17:37:28.917 [info] > git config --get commit.template [16ms]
2023-02-19 17:37:28.931 [info] > git status -z -uall [7ms]
2023-02-19 17:37:28.931 [info] > git for-each-ref --sort -committerdate --format %(refname) %(objectname) %(*objectname) [1ms]
2023-02-19 17:39:19.836 [info] > git config --get commit.template [14ms]
2023-02-19 17:39:19.839 [info] > git for-each-ref --format=%(refname)%00%(upstream:short)%00%(objectname)%00%(upstream:track)%00%(upstream:remotename)%00%(upstream:remoteref) refs/heads/main refs/remotes/main [4ms]
2023-02-19 17:39:19.853 [info] > git status -z -uall [6ms]
2023-02-19 17:39:19.855 [info] > git for-each-ref --sort -committerdate --format %(refname) %(objectname) %(*objectname) [3ms]
2023-02-19 17:40:25.640 [info] > git config --get commit.template [11ms]
2023-02-19 17:40:25.642 [info] > git for-each-ref --format=%(refname)%00%(upstream:short)%00%(objectname)%00%(upstream:track)%00%(upstream:remotename)%00%(upstream:remoteref) refs/heads/main refs/remotes/main [3ms]
2023-02-19 17:40:25.659 [info] > git status -z -uall [10ms]
2023-02-19 17:40:25.660 [info] > git for-each-ref --sort -committerdate --format %(refname) %(objectname) %(*objectname) [3ms]
2023-02-19 17:42:02.579 [info] > git config --get commit.template [4ms]
2023-02-19 17:42:02.609 [info] > git for-each-ref --format=%(refname)%00%(upstream:short)%00%(objectname)%00%(upstream:track)%00%(upstream:remotename)%00%(upstream:remoteref) refs/heads/main refs/remotes/main [5ms]
2023-02-19 17:42:02.628 [info] > git status -z -uall [11ms]
2023-02-19 17:42:02.631 [info] > git for-each-ref --sort -committerdate --format %(refname) %(objectname) %(*objectname) [4ms]
2023-02-19 17:42:20.479 [info] > git config --get commit.template [7ms]
2023-02-19 17:42:20.480 [info] > git for-each-ref --format=%(refname)%00%(upstream:short)%00%(objectname)%00%(upstream:track)%00%(upstream:remotename)%00%(upstream:remoteref) refs/heads/main refs/remotes/main [2ms]
2023-02-19 17:42:20.493 [info] > git status -z -uall [6ms]
2023-02-19 17:42:20.494 [info] > git for-each-ref --sort -committerdate --format %(refname) %(objectname) %(*objectname) [1ms]
2023-02-19 17:44:04.986 [info] > git check-ignore -v -z --stdin [4ms]
2023-02-19 17:44:05.141 [info] > git config --get commit.template [23ms]
2023-02-19 17:44:05.146 [info] > git for-each-ref --format=%(refname)%00%(upstream:short)%00%(objectname)%00%(upstream:track)%00%(upstream:remotename)%00%(upstream:remoteref) refs/heads/main refs/remotes/main [6ms]
2023-02-19 17:44:05.189 [info] > git status -z -uall [23ms]
2023-02-19 17:44:05.193 [info] > git for-each-ref --sort -committerdate --format %(refname) %(objectname) %(*objectname) [7ms]
2023-02-19 17:44:33.503 [info] > git config --get commit.template [4ms]
2023-02-19 17:44:33.528 [info] > git for-each-ref --format=%(refname)%00%(upstream:short)%00%(objectname)%00%(upstream:track)%00%(upstream:remotename)%00%(upstream:remoteref) refs/heads/main refs/remotes/main [6ms]
2023-02-19 17:44:33.586 [info] > git status -z -uall [36ms]
2023-02-19 17:44:33.592 [info] > git for-each-ref --sort -committerdate --format %(refname) %(objectname) %(*objectname) [10ms]
2023-02-19 18:05:16.415 [info] > git check-ignore -v -z --stdin [2ms]
2023-02-19 18:05:17.158 [info] > git config --get commit.template [11ms]
2023-02-19 18:05:17.160 [info] > git for-each-ref --format=%(refname)%00%(upstream:short)%00%(objectname)%00%(upstream:track)%00%(upstream:remotename)%00%(upstream:remoteref) refs/heads/main refs/remotes/main [3ms]
2023-02-19 18:05:17.176 [info] > git status -z -uall [7ms]
2023-02-19 18:05:17.177 [info] > git for-each-ref --sort -committerdate --format %(refname) %(objectname) %(*objectname) [1ms]
2023-02-19 18:05:50.355 [info] > git config --get commit.template [5ms]
2023-02-19 18:05:50.377 [info] > git for-each-ref --format=%(refname)%00%(upstream:short)%00%(objectname)%00%(upstream:track)%00%(upstream:remotename)%00%(upstream:remoteref) refs/heads/main refs/remotes/main [3ms]
2023-02-19 18:05:50.393 [info] > git status -z -uall [9ms]
2023-02-19 18:05:50.395 [info] > git for-each-ref --sort -committerdate --format %(refname) %(objectname) %(*objectname) [3ms]
2023-02-19 18:06:08.727 [info] > git check-ignore -v -z --stdin [5ms]
2023-02-19 18:06:18.058 [info] > git check-ignore -v -z --stdin [1ms]
2023-02-19 18:06:28.980 [info] > git check-ignore -v -z --stdin [4ms]
2023-02-19 18:06:41.730 [info] > git config --get commit.template [20ms]
2023-02-19 18:06:41.734 [info] > git for-each-ref --format=%(refname)%00%(upstream:short)%00%(objectname)%00%(upstream:track)%00%(upstream:remotename)%00%(upstream:remoteref) refs/heads/main refs/remotes/main [5ms]
2023-02-19 18:06:41.753 [info] > git status -z -uall [9ms]
2023-02-19 18:06:41.755 [info] > git for-each-ref --sort -committerdate --format %(refname) %(objectname) %(*objectname) [2ms]
2023-02-19 18:06:41.881 [info] > git check-ignore -v -z --stdin [2ms]
2023-02-19 18:06:46.770 [info] > git config --get commit.template [2ms]
2023-02-19 18:06:46.779 [info] > git for-each-ref --format=%(refname)%00%(upstream:short)%00%(objectname)%00%(upstream:track)%00%(upstream:remotename)%00%(upstream:remoteref) refs/heads/main refs/remotes/main [2ms]
2023-02-19 18:06:46.794 [info] > git status -z -uall [8ms]
2023-02-19 18:06:46.796 [info] > git for-each-ref --sort -committerdate --format %(refname) %(objectname) %(*objectname) [3ms]
2023-02-19 18:09:01.066 [info] > git config --get commit.template [25ms]
2023-02-19 18:09:01.072 [info] > git for-each-ref --format=%(refname)%00%(upstream:short)%00%(objectname)%00%(upstream:track)%00%(upstream:remotename)%00%(upstream:remoteref) refs/heads/main refs/remotes/main [8ms]
2023-02-19 18:09:01.113 [info] > git status -z -uall [19ms]
2023-02-19 18:09:01.117 [info] > git for-each-ref --sort -committerdate --format %(refname) %(objectname) %(*objectname) [6ms]
2023-02-19 18:10:35.702 [info] > git config --get commit.template [13ms]
2023-02-19 18:10:35.703 [info] > git for-each-ref --format=%(refname)%00%(upstream:short)%00%(objectname)%00%(upstream:track)%00%(upstream:remotename)%00%(upstream:remoteref) refs/heads/main refs/remotes/main [1ms]
2023-02-19 18:10:35.718 [info] > git status -z -uall [9ms]
2023-02-19 18:10:35.719 [info] > git for-each-ref --sort -committerdate --format %(refname) %(objectname) %(*objectname) [2ms]
2023-02-19 18:12:42.496 [info] > git config --get commit.template [12ms]
2023-02-19 18:12:42.497 [info] > git for-each-ref --format=%(refname)%00%(upstream:short)%00%(objectname)%00%(upstream:track)%00%(upstream:remotename)%00%(upstream:remoteref) refs/heads/main refs/remotes/main [2ms]
2023-02-19 18:12:42.516 [info] > git status -z -uall [10ms]
2023-02-19 18:12:42.517 [info] > git for-each-ref --sort -committerdate --format %(refname) %(objectname) %(*objectname) [2ms]
2023-02-19 18:14:24.449 [info] > git config --get commit.template [14ms]
2023-02-19 18:14:24.450 [info] > git for-each-ref --format=%(refname)%00%(upstream:short)%00%(objectname)%00%(upstream:track)%00%(upstream:remotename)%00%(upstream:remoteref) refs/heads/main refs/remotes/main [2ms]
2023-02-19 18:14:24.476 [info] > git status -z -uall [18ms]
2023-02-19 18:14:24.476 [info] > git for-each-ref --sort -committerdate --format %(refname) %(objectname) %(*objectname) [1ms]
2023-02-19 18:16:38.938 [info] > git config --get commit.template [5ms]
2023-02-19 18:16:38.963 [info] > git for-each-ref --format=%(refname)%00%(upstream:short)%00%(objectname)%00%(upstream:track)%00%(upstream:remotename)%00%(upstream:remoteref) refs/heads/main refs/remotes/main [6ms]
2023-02-19 18:16:39.011 [info] > git status -z -uall [28ms]
2023-02-19 18:16:39.018 [info] > git for-each-ref --sort -committerdate --format %(refname) %(objectname) %(*objectname) [8ms]
2023-02-19 18:16:39.054 [info] > git check-ignore -v -z --stdin [3ms]
2023-02-19 18:20:10.767 [info] > git check-ignore -v -z --stdin [1ms]
2023-02-19 18:20:12.762 [info] > git config --get commit.template [21ms]
2023-02-19 18:20:12.765 [info] > git for-each-ref --format=%(refname)%00%(upstream:short)%00%(objectname)%00%(upstream:track)%00%(upstream:remotename)%00%(upstream:remoteref) refs/heads/main refs/remotes/main [4ms]
2023-02-19 18:20:12.780 [info] > git status -z -uall [8ms]
2023-02-19 18:20:12.781 [info] > git for-each-ref --sort -committerdate --format %(refname) %(objectname) %(*objectname) [2ms]
2023-02-19 18:21:03.093 [info] > git check-ignore -v -z --stdin [3ms]
2023-02-19 18:21:03.671 [info] > git config --get commit.template [8ms]
2023-02-19 18:21:03.672 [info] > git for-each-ref --format=%(refname)%00%(upstream:short)%00%(objectname)%00%(upstream:track)%00%(upstream:remotename)%00%(upstream:remoteref) refs/heads/main refs/remotes/main [2ms]
2023-02-19 18:21:03.685 [info] > git status -z -uall [8ms]
2023-02-19 18:21:03.687 [info] > git for-each-ref --sort -committerdate --format %(refname) %(objectname) %(*objectname) [3ms]
2023-02-19 18:21:43.348 [info] > git config --get commit.template [11ms]
2023-02-19 18:21:43.350 [info] > git for-each-ref --format=%(refname)%00%(upstream:short)%00%(objectname)%00%(upstream:track)%00%(upstream:remotename)%00%(upstream:remoteref) refs/heads/main refs/remotes/main [4ms]
2023-02-19 18:21:43.374 [info] > git status -z -uall [12ms]
2023-02-19 18:21:43.377 [info] > git for-each-ref --sort -committerdate --format %(refname) %(objectname) %(*objectname) [4ms]
2023-02-19 18:22:13.659 [info] > git config --get commit.template [5ms]
2023-02-19 18:22:13.678 [info] > git for-each-ref --format=%(refname)%00%(upstream:short)%00%(objectname)%00%(upstream:track)%00%(upstream:remotename)%00%(upstream:remoteref) refs/heads/main refs/remotes/main [2ms]
2023-02-19 18:22:13.698 [info] > git status -z -uall [10ms]
2023-02-19 18:22:13.700 [info] > git for-each-ref --sort -committerdate --format %(refname) %(objectname) %(*objectname) [2ms]
2023-02-19 18:22:41.197 [info] > git config --get commit.template [6ms]
2023-02-19 18:22:41.213 [info] > git for-each-ref --format=%(refname)%00%(upstream:short)%00%(objectname)%00%(upstream:track)%00%(upstream:remotename)%00%(upstream:remoteref) refs/heads/main refs/remotes/main [5ms]
2023-02-19 18:22:41.232 [info] > git status -z -uall [11ms]
2023-02-19 18:22:41.236 [info] > git for-each-ref --sort -committerdate --format %(refname) %(objectname) %(*objectname) [5ms]
2023-02-19 18:22:48.524 [info] > git config --get commit.template [13ms]
2023-02-19 18:22:48.528 [info] > git for-each-ref --format=%(refname)%00%(upstream:short)%00%(objectname)%00%(upstream:track)%00%(upstream:remotename)%00%(upstream:remoteref) refs/heads/main refs/remotes/main [5ms]
2023-02-19 18:22:48.546 [info] > git status -z -uall [9ms]
2023-02-19 18:22:48.547 [info] > git for-each-ref --sort -committerdate --format %(refname) %(objectname) %(*objectname) [1ms]
2023-02-19 18:23:56.955 [info] > git check-ignore -v -z --stdin [2ms]
2023-02-19 18:23:57.142 [info] > git config --get commit.template [6ms]
2023-02-19 18:23:57.162 [info] > git for-each-ref --format=%(refname)%00%(upstream:short)%00%(objectname)%00%(upstream:track)%00%(upstream:remotename)%00%(upstream:remoteref) refs/heads/main refs/remotes/main [5ms]
2023-02-19 18:23:57.202 [info] > git status -z -uall [17ms]
2023-02-19 18:23:57.205 [info] > git for-each-ref --sort -committerdate --format %(refname) %(objectname) %(*objectname) [4ms]
2023-02-19 18:24:30.835 [info] > git config --get commit.template [7ms]
2023-02-19 18:24:30.859 [info] > git for-each-ref --format=%(refname)%00%(upstream:short)%00%(objectname)%00%(upstream:track)%00%(upstream:remotename)%00%(upstream:remoteref) refs/heads/main refs/remotes/main [4ms]
2023-02-19 18:24:30.881 [info] > git status -z -uall [12ms]
2023-02-19 18:24:30.883 [info] > git for-each-ref --sort -committerdate --format %(refname) %(objectname) %(*objectname) [3ms]
2023-02-19 18:24:41.855 [info] > git check-ignore -v -z --stdin [3ms]
2023-02-19 18:24:41.911 [info] > git config --get commit.template [1ms]
2023-02-19 18:24:41.917 [info] > git for-each-ref --format=%(refname)%00%(upstream:short)%00%(objectname)%00%(upstream:track)%00%(upstream:remotename)%00%(upstream:remoteref) refs/heads/main refs/remotes/main [1ms]
2023-02-19 18:24:41.930 [info] > git status -z -uall [7ms]
2023-02-19 18:24:41.931 [info] > git for-each-ref --sort -committerdate --format %(refname) %(objectname) %(*objectname) [2ms]
2023-02-19 18:24:54.236 [info] > git config --get commit.template [21ms]
2023-02-19 18:24:54.240 [info] > git for-each-ref --format=%(refname)%00%(upstream:short)%00%(objectname)%00%(upstream:track)%00%(upstream:remotename)%00%(upstream:remoteref) refs/heads/main refs/remotes/main [6ms]
2023-02-19 18:24:54.262 [info] > git status -z -uall [13ms]
2023-02-19 18:24:54.263 [info] > git for-each-ref --sort -committerdate --format %(refname) %(objectname) %(*objectname) [2ms]
2023-02-19 18:26:13.533 [info] > git check-ignore -v -z --stdin [10ms]
2023-02-19 18:26:13.986 [info] > git config --get commit.template [6ms]
2023-02-19 18:26:14.013 [info] > git for-each-ref --format=%(refname)%00%(upstream:short)%00%(objectname)%00%(upstream:track)%00%(upstream:remotename)%00%(upstream:remoteref) refs/heads/main refs/remotes/main [8ms]
2023-02-19 18:26:14.045 [info] > git status -z -uall [12ms]
2023-02-19 18:26:14.046 [info] > git for-each-ref --sort -committerdate --format %(refname) %(objectname) %(*objectname) [2ms]
2023-02-19 18:26:59.492 [info] > git config --get commit.template [13ms]
2023-02-19 18:26:59.494 [info] > git for-each-ref --format=%(refname)%00%(upstream:short)%00%(objectname)%00%(upstream:track)%00%(upstream:remotename)%00%(upstream:remoteref) refs/heads/main refs/remotes/main [4ms]
2023-02-19 18:26:59.524 [info] > git status -z -uall [18ms]
2023-02-19 18:26:59.528 [info] > git for-each-ref --sort -committerdate --format %(refname) %(objectname) %(*objectname) [7ms]
2023-02-19 18:27:20.773 [info] > git config --get commit.template [11ms]
2023-02-19 18:27:20.776 [info] > git for-each-ref --format=%(refname)%00%(upstream:short)%00%(objectname)%00%(upstream:track)%00%(upstream:remotename)%00%(upstream:remoteref) refs/heads/main refs/remotes/main [4ms]
2023-02-19 18:27:20.797 [info] > git status -z -uall [12ms]
2023-02-19 18:27:20.798 [info] > git for-each-ref --sort -committerdate --format %(refname) %(objectname) %(*objectname) [4ms]
2023-02-19 18:27:35.902 [info] > git config --get commit.template [13ms]
2023-02-19 18:27:35.906 [info] > git for-each-ref --format=%(refname)%00%(upstream:short)%00%(objectname)%00%(upstream:track)%00%(upstream:remotename)%00%(upstream:remoteref) refs/heads/main refs/remotes/main [5ms]
2023-02-19 18:27:35.923 [info] > git status -z -uall [10ms]
2023-02-19 18:27:35.923 [info] > git for-each-ref --sort -committerdate --format %(refname) %(objectname) %(*objectname) [1ms]
2023-02-19 18:29:08.223 [info] > git config --get commit.template [8ms]
2023-02-19 18:29:08.225 [info] > git for-each-ref --format=%(refname)%00%(upstream:short)%00%(objectname)%00%(upstream:track)%00%(upstream:remotename)%00%(upstream:remoteref) refs/heads/main refs/remotes/main [2ms]
2023-02-19 18:29:08.240 [info] > git status -z -uall [9ms]
2023-02-19 18:29:08.241 [info] > git for-each-ref --sort -committerdate --format %(refname) %(objectname) %(*objectname) [2ms]
2023-02-19 18:29:28.705 [info] > git config --get commit.template [10ms]
2023-02-19 18:29:28.708 [info] > git for-each-ref --format=%(refname)%00%(upstream:short)%00%(objectname)%00%(upstream:track)%00%(upstream:remotename)%00%(upstream:remoteref) refs/heads/main refs/remotes/main [4ms]
2023-02-19 18:29:28.725 [info] > git status -z -uall [10ms]
2023-02-19 18:29:28.729 [info] > git for-each-ref --sort -committerdate --format %(refname) %(objectname) %(*objectname) [5ms]
2023-02-19 18:31:05.910 [info] > git config --get commit.template [9ms]
2023-02-19 18:31:05.938 [info] > git for-each-ref --format=%(refname)%00%(upstream:short)%00%(objectname)%00%(upstream:track)%00%(upstream:remotename)%00%(upstream:remoteref) refs/heads/main refs/remotes/main [7ms]
2023-02-19 18:31:05.964 [info] > git status -z -uall [12ms]
2023-02-19 18:31:05.965 [info] > git for-each-ref --sort -committerdate --format %(refname) %(objectname) %(*objectname) [3ms]
2023-02-19 18:32:19.721 [info] > git config --get commit.template [7ms]
2023-02-19 18:32:19.722 [info] > git for-each-ref --format=%(refname)%00%(upstream:short)%00%(objectname)%00%(upstream:track)%00%(upstream:remotename)%00%(upstream:remoteref) refs/heads/main refs/remotes/main [2ms]
2023-02-19 18:32:19.737 [info] > git status -z -uall [9ms]
2023-02-19 18:32:19.738 [info] > git for-each-ref --sort -committerdate --format %(refname) %(objectname) %(*objectname) [2ms]
2023-02-19 18:32:24.761 [info] > git config --get commit.template [4ms]
2023-02-19 18:32:24.781 [info] > git for-each-ref --format=%(refname)%00%(upstream:short)%00%(objectname)%00%(upstream:track)%00%(upstream:remotename)%00%(upstream:remoteref) refs/heads/main refs/remotes/main [6ms]
2023-02-19 18:32:24.818 [info] > git status -z -uall [23ms]
2023-02-19 18:32:24.819 [info] > git for-each-ref --sort -committerdate --format %(refname) %(objectname) %(*objectname) [4ms]
2023-02-19 18:33:26.723 [info] > git config --get commit.template [5ms]
2023-02-19 18:33:26.740 [info] > git for-each-ref --format=%(refname)%00%(upstream:short)%00%(objectname)%00%(upstream:track)%00%(upstream:remotename)%00%(upstream:remoteref) refs/heads/main refs/remotes/main [3ms]
2023-02-19 18:33:26.757 [info] > git status -z -uall [9ms]
2023-02-19 18:33:26.759 [info] > git for-each-ref --sort -committerdate --format %(refname) %(objectname) %(*objectname) [3ms]
2023-02-19 18:34:19.361 [info] > git config --get commit.template [18ms]
2023-02-19 18:34:19.363 [info] > git for-each-ref --format=%(refname)%00%(upstream:short)%00%(objectname)%00%(upstream:track)%00%(upstream:remotename)%00%(upstream:remoteref) refs/heads/main refs/remotes/main [4ms]
2023-02-19 18:34:19.387 [info] > git status -z -uall [11ms]
2023-02-19 18:34:19.390 [info] > git for-each-ref --sort -committerdate --format %(refname) %(objectname) %(*objectname) [4ms]
2023-02-19 18:34:19.424 [info] > git ls-files --stage -- /home/ostap/Documents/2_2Semester/web/web_2/index.html [3ms]
2023-02-19 18:34:19.432 [info] > git ls-files --stage -- /home/ostap/Documents/2_2Semester/web/web_2/example/index.html [20ms]
2023-02-19 18:34:19.435 [info] > git cat-file -s 2c96b9b83675b0e1005c3b6140447a5cf490dce3 [4ms]
2023-02-19 18:34:19.457 [info] > git show --textconv :example/index.html [9ms]
2023-02-19 18:34:19.458 [info] > git show --textconv :index.html [2ms]
2023-02-19 18:40:28.619 [info] > git config --get commit.template [18ms]
2023-02-19 18:40:28.624 [info] > git for-each-ref --format=%(refname)%00%(upstream:short)%00%(objectname)%00%(upstream:track)%00%(upstream:remotename)%00%(upstream:remoteref) refs/heads/main refs/remotes/main [8ms]
2023-02-19 18:40:28.648 [info] > git status -z -uall [14ms]
2023-02-19 18:40:28.649 [info] > git for-each-ref --sort -committerdate --format %(refname) %(objectname) %(*objectname) [3ms]
