2023-02-11 15:46:37.359 [info] Log level: Info
2023-02-11 15:46:37.360 [info] Validating found git in: "git"
2023-02-11 15:46:37.360 [info] Using git "2.34.1" from "git"
2023-02-11 15:46:37.360 [info] > git rev-parse --show-toplevel [17ms]
2023-02-11 15:46:37.380 [info] > git rev-parse --git-dir --git-common-dir [13ms]
2023-02-11 15:46:37.406 [info] Open repository: /home/ostap/Documents/2_2Semester/web/web_1
2023-02-11 15:46:37.474 [info] > git config --get commit.template [49ms]
2023-02-11 15:46:37.521 [info] > git for-each-ref --format=%(refname)%00%(upstream:short)%00%(objectname)%00%(upstream:track)%00%(upstream:remotename)%00%(upstream:remoteref) refs/heads/main refs/remotes/main [5ms]
2023-02-11 15:46:37.550 [info] > git status -z -uall [21ms]
2023-02-11 15:46:37.550 [info] > git for-each-ref --sort -committerdate --format %(refname) %(objectname) %(*objectname) [2ms]
2023-02-11 15:46:37.634 [info] > git config --get commit.template [20ms]
2023-02-11 15:46:37.635 [info] > git for-each-ref --format=%(refname)%00%(upstream:short)%00%(objectname)%00%(upstream:track)%00%(upstream:remotename)%00%(upstream:remoteref) refs/heads/main refs/remotes/main [3ms]
2023-02-11 15:46:37.659 [info] > git for-each-ref --sort -committerdate --format %(refname) %(objectname) %(*objectname) [2ms]
2023-02-11 15:46:37.662 [info] > git status -z -uall [17ms]
2023-02-11 15:46:38.004 [info] > git check-ignore -v -z --stdin [23ms]
2023-02-11 15:46:43.573 [info] > git show --textconv :index.html [12ms]
2023-02-11 15:46:43.578 [info] > git ls-files --stage -- /home/ostap/Documents/2_2Semester/web/web_1/index.html [5ms]
2023-02-11 15:46:43.587 [info] > git cat-file -s 56efbdba61ff12f90f864930b9a85eac0259666d [3ms]
2023-02-11 15:47:38.127 [info] > git config --get commit.template [3ms]
2023-02-11 15:47:38.144 [info] > git ls-files --stage -- /home/ostap/Documents/2_2Semester/web/web_1/index.html [8ms]
2023-02-11 15:47:38.158 [info] > git cat-file -s d01f779ffe857c350a556704ae244cec10844ce0 [9ms]
2023-02-11 15:47:38.160 [info] > git for-each-ref --format=%(refname)%00%(upstream:short)%00%(objectname)%00%(upstream:track)%00%(upstream:remotename)%00%(upstream:remoteref) refs/heads/main refs/remotes/main [3ms]
2023-02-11 15:47:38.174 [info] > git status -z -uall [9ms]
2023-02-11 15:47:38.183 [info] > git for-each-ref --sort -committerdate --format %(refname) %(objectname) %(*objectname) [9ms]
2023-02-11 15:47:38.194 [info] > git show --textconv :index.html [13ms]
2023-02-11 15:47:43.220 [info] > git config --get commit.template [4ms]
2023-02-11 15:47:43.242 [info] > git for-each-ref --format=%(refname)%00%(upstream:short)%00%(objectname)%00%(upstream:track)%00%(upstream:remotename)%00%(upstream:remoteref) refs/heads/main refs/remotes/main [4ms]
2023-02-11 15:47:43.272 [info] > git status -z -uall [13ms]
2023-02-11 15:47:43.275 [info] > git for-each-ref --sort -committerdate --format %(refname) %(objectname) %(*objectname) [4ms]
