2023-02-11 15:45:23.517 [info] Added views:workbench.panel.markers.view in workbench.panel.markers
2023-02-11 15:45:23.517 [info] Added views:workbench.panel.output in workbench.panel.output
2023-02-11 15:45:23.517 [info] Added views:terminal in terminal
2023-02-11 15:45:23.517 [info] Added views:outline in workbench.view.explorer
2023-02-11 15:45:23.517 [info] Added views:workbench.scm in workbench.view.scm
2023-02-11 15:45:23.517 [info] Added views:workbench.view.search in workbench.view.search
2023-02-11 15:45:23.517 [info] Added views:timeline in workbench.view.explorer
2023-02-11 15:45:23.517 [info] Added views:workbench.explorer.emptyView in workbench.view.explorer
2023-02-11 15:45:24.252 [info] Added views:workbench.debug.variablesView,workbench.debug.watchExpressionsView,workbench.debug.callStackView,workbench.debug.breakPointsView in workbench.view.debug
2023-02-11 15:45:24.732 [info] Added views:sshfs-configs,sshfs-connections in workbench.view.extension.sshfs
2023-02-11 15:45:24.733 [info] Added views:cell-tag in workbench.view.extension.jupyter
2023-02-11 15:45:24.734 [info] Added views:remoteTargets in workbench.view.remote
2023-02-11 15:45:25.168 [info] Added views:workbench.panel.repl.view in workbench.panel.repl
2023-02-11 15:45:25.172 [info] Removed views:workbench.debug.breakPointsView,workbench.debug.callStackView,workbench.debug.watchExpressionsView,workbench.debug.variablesView from workbench.view.debug
2023-02-11 15:45:25.172 [info] Added views:workbench.debug.welcome in workbench.view.debug
2023-02-11 15:45:26.665 [info] Added views:workbench.view.testing in workbench.view.extension.test
2023-02-11 15:45:49.862 [info] Removed views:workbench.view.testing from workbench.view.extension.test
2023-02-11 15:45:50.638 [info] Added views:workbench.panel.markers.view in workbench.panel.markers
2023-02-11 15:45:50.638 [info] Added views:workbench.panel.output in workbench.panel.output
2023-02-11 15:45:50.638 [info] Added views:terminal in terminal
2023-02-11 15:45:50.638 [info] Added views:outline in workbench.view.explorer
2023-02-11 15:45:50.638 [info] Added views:workbench.scm in workbench.view.scm
2023-02-11 15:45:50.638 [info] Added views:workbench.view.search in workbench.view.search
2023-02-11 15:45:50.638 [info] Added views:timeline in workbench.view.explorer
2023-02-11 15:45:50.638 [info] Added views:workbench.explorer.fileView in workbench.view.explorer
2023-02-11 15:45:50.954 [info] Added views:sshfs-configs,sshfs-connections in workbench.view.extension.sshfs
2023-02-11 15:45:50.958 [info] Added views:cell-tag in workbench.view.extension.jupyter
2023-02-11 15:45:50.959 [info] Added views:remoteTargets in workbench.view.remote
2023-02-11 15:45:51.375 [info] Added views:workbench.debug.variablesView,workbench.debug.watchExpressionsView,workbench.debug.callStackView,workbench.debug.breakPointsView in workbench.view.debug
2023-02-11 15:45:51.458 [info] Added views:workbench.panel.repl.view in workbench.panel.repl
2023-02-11 15:45:51.461 [info] Removed views:workbench.debug.breakPointsView,workbench.debug.callStackView,workbench.debug.watchExpressionsView,workbench.debug.variablesView from workbench.view.debug
2023-02-11 15:45:51.462 [info] Added views:workbench.debug.welcome in workbench.view.debug
