2023-03-03 14:50:21.280 [info] Added views:workbench.panel.markers.view in workbench.panel.markers
2023-03-03 14:50:21.281 [info] Added views:workbench.panel.output in workbench.panel.output
2023-03-03 14:50:21.281 [info] Added views:terminal in terminal
2023-03-03 14:50:21.281 [info] Added views:outline in workbench.view.explorer
2023-03-03 14:50:21.281 [info] Added views:workbench.scm in workbench.view.scm
2023-03-03 14:50:21.281 [info] Added views:workbench.view.search in workbench.view.search
2023-03-03 14:50:21.281 [info] Added views:timeline in workbench.view.explorer
2023-03-03 14:50:21.281 [info] Added views:workbench.explorer.fileView in workbench.view.explorer
2023-03-03 14:50:21.692 [info] Added views:sshfs-configs,sshfs-connections in workbench.view.extension.sshfs
2023-03-03 14:50:21.692 [info] Added views:cell-tag in workbench.view.extension.jupyter
2023-03-03 14:50:21.693 [info] Added views:remoteTargets in workbench.view.remote
2023-03-03 14:50:22.017 [info] Added views:workbench.debug.welcome in workbench.view.debug
2023-03-03 14:50:22.019 [info] Added views:workbench.debug.breakPointsView in workbench.view.debug
2023-03-03 14:50:22.096 [info] Added views:workbench.panel.repl.view in workbench.panel.repl
2023-03-04 20:19:20.801 [info] Added views:workbench.view.testing in workbench.view.extension.test
2023-03-04 20:19:21.339 [info] Removed views:workbench.debug.welcome from workbench.view.debug
2023-03-04 20:19:21.352 [info] Added views:workbench.debug.variablesView,workbench.debug.watchExpressionsView,workbench.debug.callStackView in workbench.view.debug
2023-03-04 20:19:54.017 [info] Removed views:workbench.debug.callStackView,workbench.debug.watchExpressionsView,workbench.debug.variablesView from workbench.view.debug
2023-03-04 20:19:54.018 [info] Added views:workbench.debug.welcome in workbench.view.debug
2023-03-04 20:55:43.935 [info] Removed views:workbench.view.testing from workbench.view.extension.test
