2023-02-19 14:23:15.379 [info] update#setState idle
2023-02-19 14:23:17.361 [info] [UtilityProcess id: 1, type: extensionHost, pid: <none>]: creating new...
2023-02-19 14:23:17.372 [info] [UtilityProcess id: 1, type: extensionHost, pid: 3412]: successfully created
2023-02-19 14:23:45.384 [info] update#setState checking for updates
2023-02-19 14:23:45.451 [info] update#setState idle
2023-02-19 14:24:50.743 [info] [UtilityProcess id: 1, type: extensionHost, pid: 3412]: received exit event with code 0
2023-02-19 14:24:50.744 [info] Extension host with pid 3412 exited with code: 0, signal: unknown.
2023-02-19 14:24:51.477 [info] [UtilityProcess id: 2, type: extensionHost, pid: <none>]: creating new...
2023-02-19 14:24:51.485 [info] [UtilityProcess id: 2, type: extensionHost, pid: 3834]: successfully created
2023-02-19 15:23:45.448 [info] update#setState checking for updates
2023-02-19 15:23:45.597 [info] update#setState idle
2023-02-19 16:23:45.457 [info] update#setState checking for updates
2023-02-19 16:23:45.640 [info] update#setState idle
2023-02-19 17:23:45.473 [info] update#setState checking for updates
2023-02-19 17:23:45.644 [info] update#setState idle
2023-02-19 18:23:45.482 [info] update#setState checking for updates
2023-02-19 18:23:45.638 [info] update#setState idle
2023-02-19 19:16:24.181 [info] [UtilityProcess id: 2, type: extensionHost, pid: 3834]: waiting to exit...
2023-02-19 19:16:24.197 [info] [UtilityProcess id: 2, type: extensionHost, pid: 3834]: received exit event with code 0
2023-02-19 19:16:24.197 [info] Extension host with pid 3834 exited with code: 0, signal: unknown.
