2023-02-19 14:23:19.230 [info] Starting worker process with pid 3503 (type: fileWatcher, window: 1).
2023-02-19 14:23:22.830 [info] Getting Manifest... ms-python.vscode-pylance
2023-02-19 14:23:22.837 [info] Getting Manifest... reditorsupport.r
2023-02-19 14:23:23.091 [info] Installing extension: ms-python.vscode-pylance
2023-02-19 14:23:23.501 [info] Installing extension: reditorsupport.r
2023-02-19 14:23:23.736 [info] Getting Manifest... ms-python.python
2023-02-19 14:23:28.298 [info] Extension signature verification: reditorsupport.r. Verification status: Verified.
2023-02-19 14:23:28.483 [info] Extracted extension to /home/ostap/.vscode/extensions/.7ea1353f-84b9-4925-a467-79ff116dc28a: reditorsupport.r
2023-02-19 14:23:28.494 [info] Renamed to /home/ostap/.vscode/extensions/reditorsupport.r-2.7.1
2023-02-19 14:23:28.496 [info] Extracting completed. reditorsupport.r
2023-02-19 14:23:28.508 [info] Extension installed successfully: reditorsupport.r
2023-02-19 14:23:28.542 [info] Marked extension as uninstalled reditorsupport.r-2.7.0
2023-02-19 14:23:28.697 [info] Extension signature verification: ms-python.vscode-pylance. Verification status: Verified.
2023-02-19 14:23:32.034 [info] Extracted extension to /home/ostap/.vscode/extensions/.bd67231e-6f70-4361-a026-7723d48ee640: ms-python.vscode-pylance
2023-02-19 14:23:32.057 [info] Renamed to /home/ostap/.vscode/extensions/ms-python.vscode-pylance-2023.2.30
2023-02-19 14:23:32.060 [info] Extracting completed. ms-python.vscode-pylance
2023-02-19 14:23:32.070 [info] Extension installed successfully: ms-python.vscode-pylance
2023-02-19 14:23:32.108 [info] Marked extension as uninstalled ms-python.vscode-pylance-2023.2.20
2023-02-19 14:24:50.737 [info] Worker process with pid 3503 terminated normally (type: fileWatcher, window: 1).
2023-02-19 14:24:51.489 [info] Starting worker process with pid 3833 (type: fileWatcher, window: 1).
