2023-02-19 14:23:17.250 [info] Added views:workbench.panel.markers.view in workbench.panel.markers
2023-02-19 14:23:17.250 [info] Added views:workbench.panel.output in workbench.panel.output
2023-02-19 14:23:17.250 [info] Added views:terminal in terminal
2023-02-19 14:23:17.250 [info] Added views:outline in workbench.view.explorer
2023-02-19 14:23:17.250 [info] Added views:workbench.scm in workbench.view.scm
2023-02-19 14:23:17.250 [info] Added views:workbench.view.search in workbench.view.search
2023-02-19 14:23:17.250 [info] Added views:timeline in workbench.view.explorer
2023-02-19 14:23:17.250 [info] Added views:workbench.explorer.fileView in workbench.view.explorer
2023-02-19 14:23:17.853 [info] Added views:workbench.debug.welcome in workbench.view.debug
2023-02-19 14:23:18.305 [info] Added views:sshfs-configs,sshfs-connections in workbench.view.extension.sshfs
2023-02-19 14:23:18.306 [info] Added views:cell-tag in workbench.view.extension.jupyter
2023-02-19 14:23:18.307 [info] Added views:remoteTargets in workbench.view.remote
2023-02-19 14:23:18.788 [info] Added views:workbench.panel.repl.view in workbench.panel.repl
2023-02-19 14:24:51.405 [info] Added views:workbench.panel.markers.view in workbench.panel.markers
2023-02-19 14:24:51.405 [info] Added views:workbench.panel.output in workbench.panel.output
2023-02-19 14:24:51.405 [info] Added views:terminal in terminal
2023-02-19 14:24:51.405 [info] Added views:outline in workbench.view.explorer
2023-02-19 14:24:51.405 [info] Added views:workbench.scm in workbench.view.scm
2023-02-19 14:24:51.405 [info] Added views:workbench.view.search in workbench.view.search
2023-02-19 14:24:51.405 [info] Added views:timeline in workbench.view.explorer
2023-02-19 14:24:51.405 [info] Added views:workbench.explorer.fileView in workbench.view.explorer
2023-02-19 14:24:51.616 [info] Added views:workbench.debug.variablesView,workbench.debug.watchExpressionsView,workbench.debug.callStackView,workbench.debug.breakPointsView in workbench.view.debug
2023-02-19 14:24:52.059 [info] Added views:sshfs-configs,sshfs-connections in workbench.view.extension.sshfs
2023-02-19 14:24:52.060 [info] Added views:cell-tag in workbench.view.extension.jupyter
2023-02-19 14:24:52.061 [info] Added views:remoteTargets in workbench.view.remote
2023-02-19 14:24:52.370 [info] Added views:workbench.panel.repl.view in workbench.panel.repl
2023-02-19 14:24:52.373 [info] Removed views:workbench.debug.breakPointsView,workbench.debug.callStackView,workbench.debug.watchExpressionsView,workbench.debug.variablesView from workbench.view.debug
2023-02-19 14:24:52.375 [info] Added views:workbench.debug.welcome in workbench.view.debug
2023-02-19 18:08:03.568 [info] Added views:workbench.debug.breakPointsView in workbench.view.debug
