[Info  - 8:19:22 PM] (70907) Pylance language server 2023.2.30 (pyright dec6aa20) starting
[Info  - 8:19:22 PM] (70907) Server root directory: /home/ostap/.vscode/extensions/ms-python.vscode-pylance-2023.2.30/dist
[Info  - 8:19:22 PM] (70907) Starting service instance "web_2"
[Info  - 8:19:22 PM] (70907) Starting service instance "<default>"
[Info  - 8:19:22 PM] (70907) No configuration file found.
[Info  - 8:19:22 PM] (70907) No pyproject.toml file found.
[Info  - 8:19:22 PM] (70907) Setting pythonPath for service "web_2": "/bin/python3"
[Warn  - 8:19:22 PM] (70907) stubPath /home/ostap/Documents/2_2Semester/web/web_2/typings is not a valid directory.
[Info  - 8:19:22 PM] (70907) Assuming Python version 3.10
[Info  - 8:19:22 PM] (70907) Assuming Python platform Linux
[Info  - 8:19:22 PM] (70907) Searching for source files
[Info  - 8:19:22 PM] (70907) No source files found.
[Info  - 8:19:22 PM] (70907) No pyproject.toml file found.
[Info  - 8:19:22 PM] (70907) Setting pythonPath for service "<default>": "/bin/python3"
[Warn  - 8:19:22 PM] (70907) stubPath typings is not a valid directory.
[Info  - 8:19:22 PM] (70907) Assuming Python version 3.10
[Info  - 8:19:22 PM] (70907) Assuming Python platform Linux
[Info  - 8:19:22 PM] (70907) Searching for source files
[Info  - 8:19:22 PM] (70907) No source files found.
[Info  - 8:19:23 PM] (70907) Background analysis(1) root directory: /home/ostap/.vscode/extensions/ms-python.vscode-pylance-2023.2.30/dist
[Info  - 8:19:23 PM] (70907) Background analysis(1) started
[Info  - 8:19:23 PM] (70907) Background analysis(2) root directory: /home/ostap/.vscode/extensions/ms-python.vscode-pylance-2023.2.30/dist
[Info  - 8:19:23 PM] (70907) Background analysis(2) started
